[ INFO ] DET - Net Loaded.
[ INFO ] OrderedDict([('data', <openvino.inference_engine.ie_api.IENetLayer object at 0x7f0001b89030>), ('Mul_/Fused_Mul_/FusedScaleShift_', <openvino.inference_engine.ie_api.IENetLayer object at 0x7f0006858db0>), ('conv1', <openvino.inference_engine.ie_api.IENetLayer object at 0x7f0001b891b0>), ('relu1', <openvino.inference_engine.ie_api.IENetLayer object at 0x7f0001b89330>), ('conv2_1/dw', <openvino.inference_engine.ie_api.IENetLayer object at 0x7f0001b894b0>), ('relu2_1/dw', <openvino.inference_engine.ie_api.IENetLayer object at 0x7f0001b89630>), ('conv2_1/sep', <openvino.inference_engine.ie_api.IENetLayer object at 0x7f0001b897b0>), ('relu2_1/sep', <openvino.inference_engine.ie_api.IENetLayer object at 0x7f0001b89930>), ('conv2_2/dw', <openvino.inference_engine.ie_api.IENetLayer object at 0x7f0001b89ab0>), ('relu2_2/dw', <openvino.inference_engine.ie_api.IENetLayer object at 0x7f0001b89c30>), ('conv2_2/sep', <openvino.inference_engine.ie_api.IENetLayer object at 0x7f0001b89db0>), ('relu2_2/sep', <openvino.inference_engine.ie_api.IENetLayer object at 0x7f0001b8a030>), ('conv3_1/dw', <openvino.inference_engine.ie_api.IENetLayer object at 0x7f0001b8a1b0>), ('relu3_1/dw', <openvino.inference_engine.ie_api.IENetLayer object at 0x7f0001b8a330>), ('conv3_1/sep', <openvino.inference_engine.ie_api.IENetLayer object at 0x7f0001b8a4b0>), ('relu3_1/sep', <openvino.inference_engine.ie_api.IENetLayer object at 0x7f0001b8a630>), ('conv3_2/dw', <openvino.inference_engine.ie_api.IENetLayer object at 0x7f0001b8a7b0>), ('relu3_2/dw', <openvino.inference_engine.ie_api.IENetLayer object at 0x7f0001b8a930>), ('conv3_2/sep', <openvino.inference_engine.ie_api.IENetLayer object at 0x7f0001b8aab0>), ('relu3_2/sep', <openvino.inference_engine.ie_api.IENetLayer object at 0x7f0001b8ac30>), ('conv4_1/dw', <openvino.inference_engine.ie_api.IENetLayer object at 0x7f0001b8adb0>), ('relu4_1/dw', <openvino.inference_engine.ie_api.IENetLayer object at 0x7f0001b8b030>), ('conv4_1/sep', <openvino.inference_engine.ie_api.IENetLayer object at 0x7f0001b8b1b0>), ('relu4_1/sep', <openvino.inference_engine.ie_api.IENetLayer object at 0x7f0001b8b330>), ('conv4_2/dw', <openvino.inference_engine.ie_api.IENetLayer object at 0x7f0001b8b4b0>), ('relu4_2/dw', <openvino.inference_engine.ie_api.IENetLayer object at 0x7f0001b8b630>), ('conv4_2/sep', <openvino.inference_engine.ie_api.IENetLayer object at 0x7f0001b8b7b0>), ('relu4_2/sep', <openvino.inference_engine.ie_api.IENetLayer object at 0x7f0001b8b930>), ('conv5_1/dw', <openvino.inference_engine.ie_api.IENetLayer object at 0x7f0001b8bab0>), ('relu5_1/dw', <openvino.inference_engine.ie_api.IENetLayer object at 0x7f0001b8bc30>), ('conv5_1/sep', <openvino.inference_engine.ie_api.IENetLayer object at 0x7f0001b8bdb0>), ('relu5_1/sep', <openvino.inference_engine.ie_api.IENetLayer object at 0x7f0001b8c030>), ('conv5_2/dw', <openvino.inference_engine.ie_api.IENetLayer object at 0x7f0001b8c1b0>), ('relu5_2/dw', <openvino.inference_engine.ie_api.IENetLayer object at 0x7f0001b8c330>), ('conv5_2/sep', <openvino.inference_engine.ie_api.IENetLayer object at 0x7f0001b8c4b0>), ('relu5_2/sep', <openvino.inference_engine.ie_api.IENetLayer object at 0x7f0001b8c630>), ('conv5_3/dw', <openvino.inference_engine.ie_api.IENetLayer object at 0x7f0001b8c7b0>), ('relu5_3/dw', <openvino.inference_engine.ie_api.IENetLayer object at 0x7f0001b8c930>), ('conv5_3/sep', <openvino.inference_engine.ie_api.IENetLayer object at 0x7f0001b8cab0>), ('relu5_3/sep', <openvino.inference_engine.ie_api.IENetLayer object at 0x7f0001b8cc30>), ('conv5_4/dw', <openvino.inference_engine.ie_api.IENetLayer object at 0x7f0001b8cdb0>), ('relu5_4/dw', <openvino.inference_engine.ie_api.IENetLayer object at 0x7f0001b8d030>), ('conv5_4/sep', <openvino.inference_engine.ie_api.IENetLayer object at 0x7f0001b8d1b0>), ('relu5_4/sep', <openvino.inference_engine.ie_api.IENetLayer object at 0x7f0001b8d330>), ('conv5_5/dw', <openvino.inference_engine.ie_api.IENetLayer object at 0x7f0001b8d4b0>), ('relu5_5/dw', <openvino.inference_engine.ie_api.IENetLayer object at 0x7f0001b8d630>), ('conv5_5/sep', <openvino.inference_engine.ie_api.IENetLayer object at 0x7f0001b8d7b0>), ('relu5_5/sep', <openvino.inference_engine.ie_api.IENetLayer object at 0x7f0001b8d930>), ('conv4_3_CPM/al', <openvino.inference_engine.ie_api.IENetLayer object at 0x7f0001b8dab0>), ('relu4_3_CPM/al', <openvino.inference_engine.ie_api.IENetLayer object at 0x7f0001b8dc30>), ('conv4_3_CPM/red', <openvino.inference_engine.ie_api.IENetLayer object at 0x7f0001b8ddb0>), ('relu4_3_CPM/red', <openvino.inference_engine.ie_api.IENetLayer object at 0x7f0001b8e030>), ('conv4_3_CPM/dw1', <openvino.inference_engine.ie_api.IENetLayer object at 0x7f0001b8e1b0>), ('relu4_3_CPM/dw1', <openvino.inference_engine.ie_api.IENetLayer object at 0x7f0001b8e330>), ('conv4_3_CPM/dw1/1x1', <openvino.inference_engine.ie_api.IENetLayer object at 0x7f0001b8e4b0>), ('relu/conv4_3_CPM/dw1/1x1', <openvino.inference_engine.ie_api.IENetLayer object at 0x7f0001b8e630>), ('conv4_3_CPM/dw2', <openvino.inference_engine.ie_api.IENetLayer object at 0x7f0001b8e7b0>), ('relu4_3_CPM/dw2', <openvino.inference_engine.ie_api.IENetLayer object at 0x7f0001b8e930>), ('conv4_3_CPM/dw2/1x1', <openvino.inference_engine.ie_api.IENetLayer object at 0x7f0001b8eab0>), ('relu/conv4_3_CPM/dw2/1x1', <openvino.inference_engine.ie_api.IENetLayer object at 0x7f0001b8ec30>), ('conv4_3_CPM/dw3', <openvino.inference_engine.ie_api.IENetLayer object at 0x7f0001b8edb0>), ('relu4_3_CPM/dw3', <openvino.inference_engine.ie_api.IENetLayer object at 0x7f0001b90030>), ('conv4_3_CPM/inc', <openvino.inference_engine.ie_api.IENetLayer object at 0x7f0001b901b0>), ('relu4_3_CPM/inc', <openvino.inference_engine.ie_api.IENetLayer object at 0x7f0001b90330>), ('conv4_3_CPM/res', <openvino.inference_engine.ie_api.IENetLayer object at 0x7f0001b904b0>), ('conv4_4_CPM', <openvino.inference_engine.ie_api.IENetLayer object at 0x7f0001b90630>), ('relu4_4_CPM', <openvino.inference_engine.ie_api.IENetLayer object at 0x7f0001b907b0>), ('conv5_1_CPM_L1', <openvino.inference_engine.ie_api.IENetLayer object at 0x7f0001b90930>), ('relu5_1_CPM_L1', <openvino.inference_engine.ie_api.IENetLayer object at 0x7f0001b90ab0>), ('conv5_2_CPM_L1', <openvino.inference_engine.ie_api.IENetLayer object at 0x7f0001b90c30>), ('relu5_2_CPM_L1', <openvino.inference_engine.ie_api.IENetLayer object at 0x7f0001b90db0>), ('conv5_3_CPM_L1', <openvino.inference_engine.ie_api.IENetLayer object at 0x7f0001b91030>), ('relu5_3_CPM_L1', <openvino.inference_engine.ie_api.IENetLayer object at 0x7f0001b911b0>), ('conv5_4_CPM_L2', <openvino.inference_engine.ie_api.IENetLayer object at 0x7f0001b91330>), ('relu5_4_CPM_L2', <openvino.inference_engine.ie_api.IENetLayer object at 0x7f0001b914b0>), ('conv5_5_CPM_L2', <openvino.inference_engine.ie_api.IENetLayer object at 0x7f0001b91630>), ('conv5_4_CPM_L1', <openvino.inference_engine.ie_api.IENetLayer object at 0x7f0001b917b0>), ('relu5_4_CPM_L1', <openvino.inference_engine.ie_api.IENetLayer object at 0x7f0001b91930>), ('conv5_5_CPM_L1', <openvino.inference_engine.ie_api.IENetLayer object at 0x7f0001b91ab0>), ('concat_stage2', <openvino.inference_engine.ie_api.IENetLayer object at 0x7f0001b91c30>), ('Mconv1_stage2_L1/sq', <openvino.inference_engine.ie_api.IENetLayer object at 0x7f0001b91db0>), ('relu/Mconv1_stage2_L1/sq', <openvino.inference_engine.ie_api.IENetLayer object at 0x7effffde5030>), ('Mconv1_stage2_L1/3x3', <openvino.inference_engine.ie_api.IENetLayer object at 0x7effffde51b0>), ('relu/Mconv1_stage2_L1/3x3', <openvino.inference_engine.ie_api.IENetLayer object at 0x7effffde5330>), ('Mconv1_stage2_L1/3x3/2', <openvino.inference_engine.ie_api.IENetLayer object at 0x7effffde54b0>), ('relu/Mconv1_stage2_L1/3x3/2', <openvino.inference_engine.ie_api.IENetLayer object at 0x7effffde5630>), ('Mconv1_stage2_L1/5x5/res', <openvino.inference_engine.ie_api.IENetLayer object at 0x7effffde57b0>), ('Mconv2_stage2_L1/sq', <openvino.inference_engine.ie_api.IENetLayer object at 0x7effffde5930>), ('relu/Mconv2_stage2_L1/sq', <openvino.inference_engine.ie_api.IENetLayer object at 0x7effffde5ab0>), ('Mconv2_stage2_L1/3x3', <openvino.inference_engine.ie_api.IENetLayer object at 0x7effffde5c30>), ('relu/Mconv2_stage2_L1/3x3', <openvino.inference_engine.ie_api.IENetLayer object at 0x7effffde5db0>), ('Mconv2_stage2_L1/3x3/2', <openvino.inference_engine.ie_api.IENetLayer object at 0x7effffde6030>), ('relu/Mconv2_stage2_L1/3x3/2', <openvino.inference_engine.ie_api.IENetLayer object at 0x7effffde61b0>), ('Mconv2_stage2_L1/5x5/res', <openvino.inference_engine.ie_api.IENetLayer object at 0x7effffde6330>), ('Mconv3_stage2_L1/sq', <openvino.inference_engine.ie_api.IENetLayer object at 0x7effffde64b0>), ('relu/Mconv3_stage2_L1/sq', <openvino.inference_engine.ie_api.IENetLayer object at 0x7effffde6630>), ('Mconv3_stage2_L1/3x3', <openvino.inference_engine.ie_api.IENetLayer object at 0x7effffde67b0>), ('relu/Mconv3_stage2_L1/3x3', <openvino.inference_engine.ie_api.IENetLayer object at 0x7effffde6930>), ('Mconv3_stage2_L1/3x3/2', <openvino.inference_engine.ie_api.IENetLayer object at 0x7effffde6ab0>), ('relu/Mconv3_stage2_L1/3x3/2', <openvino.inference_engine.ie_api.IENetLayer object at 0x7effffde6c30>), ('Mconv3_stage2_L1/5x5/res', <openvino.inference_engine.ie_api.IENetLayer object at 0x7effffde6db0>), ('Mconv4_stage2_L1/sq', <openvino.inference_engine.ie_api.IENetLayer object at 0x7effffde7030>), ('relu/Mconv4_stage2_L1/sq', <openvino.inference_engine.ie_api.IENetLayer object at 0x7effffde71b0>), ('Mconv4_stage2_L1/3x3', <openvino.inference_engine.ie_api.IENetLayer object at 0x7effffde7330>), ('relu/Mconv4_stage2_L1/3x3', <openvino.inference_engine.ie_api.IENetLayer object at 0x7effffde74b0>), ('Mconv4_stage2_L1/3x3/2', <openvino.inference_engine.ie_api.IENetLayer object at 0x7effffde7630>), ('relu/Mconv4_stage2_L1/3x3/2', <openvino.inference_engine.ie_api.IENetLayer object at 0x7effffde77b0>), ('Mconv4_stage2_L1/5x5/res', <openvino.inference_engine.ie_api.IENetLayer object at 0x7effffde7930>), ('Mconv5_stage2_L1/sq', <openvino.inference_engine.ie_api.IENetLayer object at 0x7effffde7ab0>), ('relu/Mconv5_stage2_L1/sq', <openvino.inference_engine.ie_api.IENetLayer object at 0x7effffde7c30>), ('Mconv5_stage2_L1/3x3', <openvino.inference_engine.ie_api.IENetLayer object at 0x7effffde7db0>), ('relu/Mconv5_stage2_L1/3x3', <openvino.inference_engine.ie_api.IENetLayer object at 0x7effffde8030>), ('Mconv5_stage2_L1/3x3/2', <openvino.inference_engine.ie_api.IENetLayer object at 0x7effffde81b0>), ('relu/Mconv5_stage2_L1/3x3/2', <openvino.inference_engine.ie_api.IENetLayer object at 0x7effffde8330>), ('Mconv5_stage2_L1/5x5/res', <openvino.inference_engine.ie_api.IENetLayer object at 0x7effffde84b0>), ('Mconv6_stage2_L2', <openvino.inference_engine.ie_api.IENetLayer object at 0x7effffde8630>), ('Mrelu6_stage2_L2', <openvino.inference_engine.ie_api.IENetLayer object at 0x7effffde87b0>), ('Mconv7_stage2_L2', <openvino.inference_engine.ie_api.IENetLayer object at 0x7effffde8930>), ('Mconv6_stage2_L1', <openvino.inference_engine.ie_api.IENetLayer object at 0x7effffde8ab0>), ('Mrelu6_stage2_L1', <openvino.inference_engine.ie_api.IENetLayer object at 0x7effffde8c30>), ('Mconv7_stage2_L1', <openvino.inference_engine.ie_api.IENetLayer object at 0x7effffde8db0>)])
[ INFO ] Preparing input blobs Det, Attr, Read {'data': <openvino.inference_engine.ie_api.InputInfo object at 0x7f0002bfdca8>}
[ INFO ] Preparing output blobs
[ INFO ] DET - Read Net  inputs [1, 3, 256, 456] 
[ INFO ] DET - Loading model to the plugin
[ INFO ] /home/s/ai-workspace/intel/ncappzoo/apps/street_cam/bus_station_6094_960x540.mp4
[ INFO ] Starting inference in async mode...
[ INFO ] To switch between sync and async modes press Tab button
[ INFO ] To stop the demo execution press Esc button
[ INFO ] Objects in 0,0,0,0 -0.00649261 
[ INFO ] Objects in 0,0,0, [ -6.49261475e-03   8.67843628e-05   9.82284546e-05   9.82284546e-05
   9.82284546e-05   9.82284546e-05   9.82284546e-05   9.82284546e-05
   9.82284546e-05   9.82284546e-05   9.82284546e-05   9.82284546e-05
   9.82284546e-05   9.82284546e-05   9.82284546e-05   9.82284546e-05
   9.82284546e-05   9.82284546e-05   9.82284546e-05   9.82284546e-05
   9.82284546e-05   9.82284546e-05   9.82284546e-05   9.82284546e-05
   9.82284546e-05   9.82284546e-05   9.82284546e-05   9.82284546e-05
   9.82284546e-05   9.82284546e-05   9.82284546e-05   9.82284546e-05
   9.82284546e-05   9.82284546e-05   9.82284546e-05   9.82284546e-05
   9.82284546e-05   9.82284546e-05   9.82284546e-05   9.82284546e-05
   9.82284546e-05   9.82284546e-05   9.82284546e-05   9.82284546e-05
   9.82284546e-05   9.82284546e-05   9.82284546e-05   9.82284546e-05
   9.82284546e-05   9.82284546e-05   9.82284546e-05   9.82284546e-05
   9.82284546e-05   9.82284546e-05   9.82284546e-05   9.82284546e-05
   9.82284546e-05] 
[ INFO ] Objects in 0,0 are [[ -6.49261475e-03   8.67843628e-05   9.82284546e-05 ...,   9.82284546e-05
    9.82284546e-05   9.82284546e-05]
 [ -3.81088257e-03  -6.86645508e-05   9.82284546e-05 ...,   9.82284546e-05
    9.82284546e-05   9.82284546e-05]
 [ -3.37409973e-03   9.82284546e-05   9.82284546e-05 ...,   9.82284546e-05
    9.82284546e-05   9.82284546e-05]
 ..., 
 [  9.82284546e-05   9.82284546e-05   9.82284546e-05 ...,   9.82284546e-05
    9.82284546e-05   9.82284546e-05]
 [  9.82284546e-05   9.82284546e-05   9.82284546e-05 ...,   9.82284546e-05
    9.82284546e-05   9.82284546e-05]
 [  9.82284546e-05   9.82284546e-05   9.82284546e-05 ...,   9.82284546e-05
    9.82284546e-05   9.82284546e-05]] 
[ INFO ] Objects in 0 are [[[ -6.49261475e-03   8.67843628e-05   9.82284546e-05 ...,   9.82284546e-05
     9.82284546e-05   9.82284546e-05]
  [ -3.81088257e-03  -6.86645508e-05   9.82284546e-05 ...,   9.82284546e-05
     9.82284546e-05   9.82284546e-05]
  [ -3.37409973e-03   9.82284546e-05   9.82284546e-05 ...,   9.82284546e-05
     9.82284546e-05   9.82284546e-05]
  ..., 
  [  9.82284546e-05   9.82284546e-05   9.82284546e-05 ...,   9.82284546e-05
     9.82284546e-05   9.82284546e-05]
  [  9.82284546e-05   9.82284546e-05   9.82284546e-05 ...,   9.82284546e-05
     9.82284546e-05   9.82284546e-05]
  [  9.82284546e-05   9.82284546e-05   9.82284546e-05 ...,   9.82284546e-05
     9.82284546e-05   9.82284546e-05]]

 [[  8.37707520e-03   3.57627869e-04   4.51087952e-04 ...,   4.51087952e-04
     4.51087952e-04   4.51087952e-04]
  [  5.55419922e-03   3.41415405e-04   4.51087952e-04 ...,   4.51087952e-04
     4.51087952e-04   4.51087952e-04]
  [  4.49752808e-03   4.51087952e-04   4.51087952e-04 ...,   4.51087952e-04
     4.51087952e-04   4.51087952e-04]
  ..., 
  [  4.51087952e-04   4.51087952e-04   4.51087952e-04 ...,   4.51087952e-04
     4.51087952e-04   4.51087952e-04]
  [  4.51087952e-04   4.51087952e-04   4.51087952e-04 ...,   4.51087952e-04
     4.51087952e-04   4.51087952e-04]
  [  4.51087952e-04   4.51087952e-04   4.51087952e-04 ...,   4.51087952e-04
     4.51087952e-04   4.51087952e-04]]

 [[  1.68800354e-04   1.36089325e-03  -6.96182251e-05 ...,  -6.96182251e-05
    -6.96182251e-05  -6.96182251e-05]
  [  1.14440918e-04  -9.91821289e-05  -6.96182251e-05 ...,  -6.96182251e-05
    -6.96182251e-05  -6.96182251e-05]
  [  0.00000000e+00  -6.96182251e-05  -6.96182251e-05 ...,  -6.96182251e-05
    -6.96182251e-05  -6.96182251e-05]
  ..., 
  [ -6.96182251e-05  -6.96182251e-05  -6.96182251e-05 ...,  -6.96182251e-05
    -6.96182251e-05  -6.96182251e-05]
  [ -6.96182251e-05  -6.96182251e-05  -6.96182251e-05 ...,  -6.96182251e-05
    -6.96182251e-05  -6.96182251e-05]
  [ -6.96182251e-05  -6.96182251e-05  -6.96182251e-05 ...,  -6.96182251e-05
    -6.96182251e-05  -6.96182251e-05]]

 ..., 
 [[ -8.48770142e-05   0.00000000e+00   0.00000000e+00 ...,   0.00000000e+00
     0.00000000e+00   0.00000000e+00]
  [ -1.07765198e-04   0.00000000e+00   0.00000000e+00 ...,   0.00000000e+00
     0.00000000e+00   0.00000000e+00]
  [  0.00000000e+00   0.00000000e+00   0.00000000e+00 ...,   0.00000000e+00
     0.00000000e+00   0.00000000e+00]
  ..., 
  [  0.00000000e+00   0.00000000e+00   0.00000000e+00 ...,   0.00000000e+00
     0.00000000e+00   0.00000000e+00]
  [  0.00000000e+00   0.00000000e+00   0.00000000e+00 ...,   0.00000000e+00
     0.00000000e+00   0.00000000e+00]
  [  0.00000000e+00   0.00000000e+00   0.00000000e+00 ...,   0.00000000e+00
     0.00000000e+00   0.00000000e+00]]

 [[  2.08854675e-04   1.56402588e-04   1.88827515e-04 ...,   1.88827515e-04
     1.88827515e-04   1.88827515e-04]
  [  1.96456909e-04   1.86920166e-04   1.88827515e-04 ...,   1.88827515e-04
     1.88827515e-04   1.88827515e-04]
  [  1.99317932e-04   1.88827515e-04   1.88827515e-04 ...,   1.88827515e-04
     1.88827515e-04   1.88827515e-04]
  ..., 
  [  1.88827515e-04   1.88827515e-04   1.88827515e-04 ...,   1.88827515e-04
     1.88827515e-04   1.88827515e-04]
  [  1.88827515e-04   1.88827515e-04   1.88827515e-04 ...,   1.88827515e-04
     1.88827515e-04   1.88827515e-04]
  [  1.88827515e-04   1.88827515e-04   1.88827515e-04 ...,   1.88827515e-04
     1.88827515e-04   1.88827515e-04]]

 [[  8.39233398e-05   0.00000000e+00   0.00000000e+00 ...,   0.00000000e+00
     0.00000000e+00   0.00000000e+00]
  [  0.00000000e+00   0.00000000e+00   0.00000000e+00 ...,   0.00000000e+00
     0.00000000e+00   0.00000000e+00]
  [  0.00000000e+00   0.00000000e+00   0.00000000e+00 ...,   0.00000000e+00
     0.00000000e+00   0.00000000e+00]
  ..., 
  [  0.00000000e+00   0.00000000e+00   0.00000000e+00 ...,   0.00000000e+00
     0.00000000e+00   0.00000000e+00]
  [  0.00000000e+00   0.00000000e+00   0.00000000e+00 ...,   0.00000000e+00
     0.00000000e+00   0.00000000e+00]
  [  0.00000000e+00   0.00000000e+00   0.00000000e+00 ...,   0.00000000e+00
     0.00000000e+00   0.00000000e+00]]] 
[ INFO ] Num Objects in ONE FRAME are 0 length of rect is 0
[ INFO ] Updated Existing Centroids - []
[ INFO ] Disappeared IDs and Values OrderedDict()
[ INFO ] Objects in 0,0,0,0 -0.00525665 
[ INFO ] Objects in 0,0,0, [ -5.25665283e-03   8.67843628e-05   9.82284546e-05   9.82284546e-05
   9.82284546e-05   9.82284546e-05   9.82284546e-05   9.82284546e-05
   9.82284546e-05   9.82284546e-05   9.82284546e-05   9.82284546e-05
   9.82284546e-05   9.82284546e-05   9.82284546e-05   9.82284546e-05
   9.82284546e-05   9.82284546e-05   9.82284546e-05   9.82284546e-05
   9.82284546e-05   9.82284546e-05   9.82284546e-05   9.82284546e-05
   9.82284546e-05   9.82284546e-05   9.82284546e-05   9.82284546e-05
   9.82284546e-05   9.82284546e-05   9.82284546e-05   9.82284546e-05
   9.82284546e-05   9.82284546e-05   9.82284546e-05   9.82284546e-05
   9.82284546e-05   9.82284546e-05   9.82284546e-05   9.82284546e-05
   9.82284546e-05   9.82284546e-05   9.82284546e-05   9.82284546e-05
   9.82284546e-05   9.82284546e-05   9.82284546e-05   9.82284546e-05
   9.82284546e-05   9.82284546e-05   9.82284546e-05   9.82284546e-05
   9.82284546e-05   9.82284546e-05   9.82284546e-05   9.82284546e-05
   9.82284546e-05] 
[ INFO ] Objects in 0,0 are [[ -5.25665283e-03   8.67843628e-05   9.82284546e-05 ...,   9.82284546e-05
    9.82284546e-05   9.82284546e-05]
 [ -1.74713135e-03   9.82284546e-05   9.82284546e-05 ...,   9.82284546e-05
    9.82284546e-05   9.82284546e-05]
 [ -1.82914734e-03   9.82284546e-05   9.82284546e-05 ...,   9.82284546e-05
    9.82284546e-05   9.82284546e-05]
 ..., 
 [  9.82284546e-05   9.82284546e-05   9.82284546e-05 ...,   9.82284546e-05
    9.82284546e-05   9.82284546e-05]
 [  9.82284546e-05   9.82284546e-05   9.82284546e-05 ...,   9.82284546e-05
    9.82284546e-05   9.82284546e-05]
 [  9.82284546e-05   9.82284546e-05   9.82284546e-05 ...,   9.82284546e-05
    9.82284546e-05   9.82284546e-05]] 
[ INFO ] Objects in 0 are [[[ -5.25665283e-03   8.67843628e-05   9.82284546e-05 ...,   9.82284546e-05
     9.82284546e-05   9.82284546e-05]
  [ -1.74713135e-03   9.82284546e-05   9.82284546e-05 ...,   9.82284546e-05
     9.82284546e-05   9.82284546e-05]
  [ -1.82914734e-03   9.82284546e-05   9.82284546e-05 ...,   9.82284546e-05
     9.82284546e-05   9.82284546e-05]
  ..., 
  [  9.82284546e-05   9.82284546e-05   9.82284546e-05 ...,   9.82284546e-05
     9.82284546e-05   9.82284546e-05]
  [  9.82284546e-05   9.82284546e-05   9.82284546e-05 ...,   9.82284546e-05
     9.82284546e-05   9.82284546e-05]
  [  9.82284546e-05   9.82284546e-05   9.82284546e-05 ...,   9.82284546e-05
     9.82284546e-05   9.82284546e-05]]

 [[  6.66046143e-03   3.56674194e-04   4.51087952e-04 ...,   4.51087952e-04
     4.51087952e-04   4.51087952e-04]
  [  2.60162354e-03   4.51087952e-04   4.51087952e-04 ...,   4.51087952e-04
     4.51087952e-04   4.51087952e-04]
  [  2.69699097e-03   4.51087952e-04   4.51087952e-04 ...,   4.51087952e-04
     4.51087952e-04   4.51087952e-04]
  ..., 
  [  4.51087952e-04   4.51087952e-04   4.51087952e-04 ...,   4.51087952e-04
     4.51087952e-04   4.51087952e-04]
  [  4.51087952e-04   4.51087952e-04   4.51087952e-04 ...,   4.51087952e-04
     4.51087952e-04   4.51087952e-04]
  [  4.51087952e-04   4.51087952e-04   4.51087952e-04 ...,   4.51087952e-04
     4.51087952e-04   4.51087952e-04]]

 [[  1.69754028e-04   1.38187408e-03  -6.96182251e-05 ...,  -6.96182251e-05
    -6.96182251e-05  -6.96182251e-05]
  [  0.00000000e+00  -6.96182251e-05  -6.96182251e-05 ...,  -6.96182251e-05
    -6.96182251e-05  -6.96182251e-05]
  [  0.00000000e+00  -6.96182251e-05  -6.96182251e-05 ...,  -6.96182251e-05
    -6.96182251e-05  -6.96182251e-05]
  ..., 
  [ -6.96182251e-05  -6.96182251e-05  -6.96182251e-05 ...,  -6.96182251e-05
    -6.96182251e-05  -6.96182251e-05]
  [ -6.96182251e-05  -6.96182251e-05  -6.96182251e-05 ...,  -6.96182251e-05
    -6.96182251e-05  -6.96182251e-05]
  [ -6.96182251e-05  -6.96182251e-05  -6.96182251e-05 ...,  -6.96182251e-05
    -6.96182251e-05  -6.96182251e-05]]

 ..., 
 [[  0.00000000e+00   0.00000000e+00   0.00000000e+00 ...,   0.00000000e+00
     0.00000000e+00   0.00000000e+00]
  [  0.00000000e+00   0.00000000e+00   0.00000000e+00 ...,   0.00000000e+00
     0.00000000e+00   0.00000000e+00]
  [  0.00000000e+00   0.00000000e+00   0.00000000e+00 ...,   0.00000000e+00
     0.00000000e+00   0.00000000e+00]
  ..., 
  [  0.00000000e+00   0.00000000e+00   0.00000000e+00 ...,   0.00000000e+00
     0.00000000e+00   0.00000000e+00]
  [  0.00000000e+00   0.00000000e+00   0.00000000e+00 ...,   0.00000000e+00
     0.00000000e+00   0.00000000e+00]
  [  0.00000000e+00   0.00000000e+00   0.00000000e+00 ...,   0.00000000e+00
     0.00000000e+00   0.00000000e+00]]

 [[  2.09808350e-04   1.55448914e-04   1.88827515e-04 ...,   1.88827515e-04
     1.88827515e-04   1.88827515e-04]
  [  1.94549561e-04   1.88827515e-04   1.88827515e-04 ...,   1.88827515e-04
     1.88827515e-04   1.88827515e-04]
  [  1.94549561e-04   1.88827515e-04   1.88827515e-04 ...,   1.88827515e-04
     1.88827515e-04   1.88827515e-04]
  ..., 
  [  1.88827515e-04   1.88827515e-04   1.88827515e-04 ...,   1.88827515e-04
     1.88827515e-04   1.88827515e-04]
  [  1.88827515e-04   1.88827515e-04   1.88827515e-04 ...,   1.88827515e-04
     1.88827515e-04   1.88827515e-04]
  [  1.88827515e-04   1.88827515e-04   1.88827515e-04 ...,   1.88827515e-04
     1.88827515e-04   1.88827515e-04]]

 [[  7.62939453e-05   0.00000000e+00   0.00000000e+00 ...,   0.00000000e+00
     0.00000000e+00   0.00000000e+00]
  [  0.00000000e+00   0.00000000e+00   0.00000000e+00 ...,   0.00000000e+00
     0.00000000e+00   0.00000000e+00]
  [  0.00000000e+00   0.00000000e+00   0.00000000e+00 ...,   0.00000000e+00
     0.00000000e+00   0.00000000e+00]
  ..., 
  [  0.00000000e+00   0.00000000e+00   0.00000000e+00 ...,   0.00000000e+00
     0.00000000e+00   0.00000000e+00]
  [  0.00000000e+00   0.00000000e+00   0.00000000e+00 ...,   0.00000000e+00
     0.00000000e+00   0.00000000e+00]
  [  0.00000000e+00   0.00000000e+00   0.00000000e+00 ...,   0.00000000e+00
     0.00000000e+00   0.00000000e+00]]] 
[ INFO ] Num Objects in ONE FRAME are 0 length of rect is 0
[ INFO ] Updated Existing Centroids - []
[ INFO ] Disappeared IDs and Values OrderedDict()
[ INFO ] Objects in 0,0,0,0 -0.00627136 
[ INFO ] Objects in 0,0,0, [ -6.27136230e-03   8.86917114e-05   9.82284546e-05   9.82284546e-05
   9.82284546e-05   9.82284546e-05   9.82284546e-05   9.82284546e-05
   9.82284546e-05   9.82284546e-05   9.82284546e-05   9.82284546e-05
   9.82284546e-05   9.82284546e-05   9.82284546e-05   9.82284546e-05
   9.82284546e-05   9.82284546e-05   9.82284546e-05   9.82284546e-05
   9.82284546e-05   9.82284546e-05   9.82284546e-05   9.82284546e-05
   9.82284546e-05   9.82284546e-05   9.82284546e-05   9.82284546e-05
   9.82284546e-05   9.82284546e-05   9.82284546e-05   9.82284546e-05
   9.82284546e-05   9.82284546e-05   9.82284546e-05   9.82284546e-05
   9.82284546e-05   9.82284546e-05   9.82284546e-05   9.82284546e-05
   9.82284546e-05   9.82284546e-05   9.82284546e-05   9.82284546e-05
   9.82284546e-05   9.82284546e-05   9.82284546e-05   9.82284546e-05
   9.82284546e-05   9.82284546e-05   9.82284546e-05   9.82284546e-05
   9.82284546e-05   9.82284546e-05   9.82284546e-05   9.82284546e-05
   9.82284546e-05] 
[ INFO ] Objects in 0,0 are [[ -6.27136230e-03   8.86917114e-05   9.82284546e-05 ...,   9.82284546e-05
    9.82284546e-05   9.82284546e-05]
 [ -1.65462494e-03   9.82284546e-05   9.82284546e-05 ...,   9.82284546e-05
    9.82284546e-05   9.82284546e-05]
 [ -3.20434570e-03   9.25064087e-05   9.82284546e-05 ...,   9.82284546e-05
    9.82284546e-05   9.82284546e-05]
 ..., 
 [  9.82284546e-05   9.82284546e-05   9.82284546e-05 ...,   9.82284546e-05
    9.82284546e-05   9.82284546e-05]
 [  9.82284546e-05   9.82284546e-05   9.82284546e-05 ...,   9.82284546e-05
    9.82284546e-05   9.82284546e-05]
 [  9.82284546e-05   9.82284546e-05   9.82284546e-05 ...,   9.82284546e-05
    9.82284546e-05   9.82284546e-05]] 
[ INFO ] Objects in 0 are [[[ -6.27136230e-03   8.86917114e-05   9.82284546e-05 ...,   9.82284546e-05
     9.82284546e-05   9.82284546e-05]
  [ -1.65462494e-03   9.82284546e-05   9.82284546e-05 ...,   9.82284546e-05
     9.82284546e-05   9.82284546e-05]
  [ -3.20434570e-03   9.25064087e-05   9.82284546e-05 ...,   9.82284546e-05
     9.82284546e-05   9.82284546e-05]
  ..., 
  [  9.82284546e-05   9.82284546e-05   9.82284546e-05 ...,   9.82284546e-05
     9.82284546e-05   9.82284546e-05]
  [  9.82284546e-05   9.82284546e-05   9.82284546e-05 ...,   9.82284546e-05
     9.82284546e-05   9.82284546e-05]
  [  9.82284546e-05   9.82284546e-05   9.82284546e-05 ...,   9.82284546e-05
     9.82284546e-05   9.82284546e-05]]

 [[  8.00323486e-03   3.73840332e-04   4.51087952e-04 ...,   4.51087952e-04
     4.51087952e-04   4.51087952e-04]
  [  3.58200073e-03   4.51087952e-04   4.51087952e-04 ...,   4.51087952e-04
     4.51087952e-04   4.51087952e-04]
  [  4.29916382e-03   4.45365906e-04   4.51087952e-04 ...,   4.51087952e-04
     4.51087952e-04   4.51087952e-04]
  ..., 
  [  4.51087952e-04   4.51087952e-04   4.51087952e-04 ...,   4.51087952e-04
     4.51087952e-04   4.51087952e-04]
  [  4.51087952e-04   4.51087952e-04   4.51087952e-04 ...,   4.51087952e-04
     4.51087952e-04   4.51087952e-04]
  [  4.51087952e-04   4.51087952e-04   4.51087952e-04 ...,   4.51087952e-04
     4.51087952e-04   4.51087952e-04]]

 [[  1.69754028e-04   1.11579895e-03  -6.96182251e-05 ...,  -6.96182251e-05
    -6.96182251e-05  -6.96182251e-05]
  [  0.00000000e+00  -6.96182251e-05  -6.96182251e-05 ...,  -6.96182251e-05
    -6.96182251e-05  -6.96182251e-05]
  [  0.00000000e+00   0.00000000e+00  -6.96182251e-05 ...,  -6.96182251e-05
    -6.96182251e-05  -6.96182251e-05]
  ..., 
  [ -6.96182251e-05  -6.96182251e-05  -6.96182251e-05 ...,  -6.96182251e-05
    -6.96182251e-05  -6.96182251e-05]
  [ -6.96182251e-05  -6.96182251e-05  -6.96182251e-05 ...,  -6.96182251e-05
    -6.96182251e-05  -6.96182251e-05]
  [ -6.96182251e-05  -6.96182251e-05  -6.96182251e-05 ...,  -6.96182251e-05
    -6.96182251e-05  -6.96182251e-05]]

 ..., 
 [[ -7.82012939e-05   0.00000000e+00   0.00000000e+00 ...,   0.00000000e+00
     0.00000000e+00   0.00000000e+00]
  [  0.00000000e+00   0.00000000e+00   0.00000000e+00 ...,   0.00000000e+00
     0.00000000e+00   0.00000000e+00]
  [  0.00000000e+00   0.00000000e+00   0.00000000e+00 ...,   0.00000000e+00
     0.00000000e+00   0.00000000e+00]
  ..., 
  [  0.00000000e+00   0.00000000e+00   0.00000000e+00 ...,   0.00000000e+00
     0.00000000e+00   0.00000000e+00]
  [  0.00000000e+00   0.00000000e+00   0.00000000e+00 ...,   0.00000000e+00
     0.00000000e+00   0.00000000e+00]
  [  0.00000000e+00   0.00000000e+00   0.00000000e+00 ...,   0.00000000e+00
     0.00000000e+00   0.00000000e+00]]

 [[  2.09808350e-04   1.62124634e-04   1.88827515e-04 ...,   1.88827515e-04
     1.88827515e-04   1.88827515e-04]
  [  1.98364258e-04   1.88827515e-04   1.88827515e-04 ...,   1.88827515e-04
     1.88827515e-04   1.88827515e-04]
  [  1.98364258e-04   1.84059143e-04   1.88827515e-04 ...,   1.88827515e-04
     1.88827515e-04   1.88827515e-04]
  ..., 
  [  1.88827515e-04   1.88827515e-04   1.88827515e-04 ...,   1.88827515e-04
     1.88827515e-04   1.88827515e-04]
  [  1.88827515e-04   1.88827515e-04   1.88827515e-04 ...,   1.88827515e-04
     1.88827515e-04   1.88827515e-04]
  [  1.88827515e-04   1.88827515e-04   1.88827515e-04 ...,   1.88827515e-04
     1.88827515e-04   1.88827515e-04]]

 [[  8.29696655e-05   0.00000000e+00   0.00000000e+00 ...,   0.00000000e+00
     0.00000000e+00   0.00000000e+00]
  [  0.00000000e+00   0.00000000e+00   0.00000000e+00 ...,   0.00000000e+00
     0.00000000e+00   0.00000000e+00]
  [  0.00000000e+00   0.00000000e+00   0.00000000e+00 ...,   0.00000000e+00
     0.00000000e+00   0.00000000e+00]
  ..., 
  [  0.00000000e+00   0.00000000e+00   0.00000000e+00 ...,   0.00000000e+00
     0.00000000e+00   0.00000000e+00]
  [  0.00000000e+00   0.00000000e+00   0.00000000e+00 ...,   0.00000000e+00
     0.00000000e+00   0.00000000e+00]
  [  0.00000000e+00   0.00000000e+00   0.00000000e+00 ...,   0.00000000e+00
     0.00000000e+00   0.00000000e+00]]] 
[ INFO ] Num Objects in ONE FRAME are 0 length of rect is 0
[ INFO ] Updated Existing Centroids - []
[ INFO ] Disappeared IDs and Values OrderedDict()
[ INFO ] Objects in 0,0,0,0 -0.00567245 
[ INFO ] Objects in 0,0,0, [ -5.67245483e-03   8.67843628e-05   9.82284546e-05   9.82284546e-05
   9.82284546e-05   9.82284546e-05   9.82284546e-05   9.82284546e-05
   9.82284546e-05   9.82284546e-05   9.82284546e-05   9.82284546e-05
   9.82284546e-05   9.82284546e-05   9.82284546e-05   9.82284546e-05
   9.82284546e-05   9.82284546e-05   9.82284546e-05   9.82284546e-05
   9.82284546e-05   9.82284546e-05   9.82284546e-05   9.82284546e-05
   9.82284546e-05   9.82284546e-05   9.82284546e-05   9.82284546e-05
   9.82284546e-05   9.82284546e-05   9.82284546e-05   9.82284546e-05
   9.82284546e-05   9.82284546e-05   9.82284546e-05   9.82284546e-05
   9.82284546e-05   9.82284546e-05   9.82284546e-05   9.82284546e-05
   9.82284546e-05   9.82284546e-05   9.82284546e-05   9.82284546e-05
   9.82284546e-05   9.82284546e-05   9.82284546e-05   9.82284546e-05
   9.82284546e-05   9.82284546e-05   9.82284546e-05   9.82284546e-05
   9.82284546e-05   9.82284546e-05   9.82284546e-05   9.82284546e-05
   9.82284546e-05] 
[ INFO ] Objects in 0,0 are [[ -5.67245483e-03   8.67843628e-05   9.82284546e-05 ...,   9.82284546e-05
    9.82284546e-05   9.82284546e-05]
 [ -7.78198242e-04   9.82284546e-05   9.82284546e-05 ...,   9.82284546e-05
    9.82284546e-05   9.82284546e-05]
 [ -2.54249573e-03   8.96453857e-05   9.82284546e-05 ...,   9.82284546e-05
    9.82284546e-05   9.82284546e-05]
 ..., 
 [  9.82284546e-05   9.82284546e-05   9.82284546e-05 ...,   9.82284546e-05
    9.82284546e-05   9.82284546e-05]
 [  9.82284546e-05   9.82284546e-05   9.82284546e-05 ...,   9.82284546e-05
    9.82284546e-05   9.82284546e-05]
 [  9.82284546e-05   9.82284546e-05   9.82284546e-05 ...,   9.82284546e-05
    9.82284546e-05   9.82284546e-05]] 
[ INFO ] Objects in 0 are [[[ -5.67245483e-03   8.67843628e-05   9.82284546e-05 ...,   9.82284546e-05
     9.82284546e-05   9.82284546e-05]
  [ -7.78198242e-04   9.82284546e-05   9.82284546e-05 ...,   9.82284546e-05
     9.82284546e-05   9.82284546e-05]
  [ -2.54249573e-03   8.96453857e-05   9.82284546e-05 ...,   9.82284546e-05
     9.82284546e-05   9.82284546e-05]
  ..., 
  [  9.82284546e-05   9.82284546e-05   9.82284546e-05 ...,   9.82284546e-05
     9.82284546e-05   9.82284546e-05]
  [  9.82284546e-05   9.82284546e-05   9.82284546e-05 ...,   9.82284546e-05
     9.82284546e-05   9.82284546e-05]
  [  9.82284546e-05   9.82284546e-05   9.82284546e-05 ...,   9.82284546e-05
     9.82284546e-05   9.82284546e-05]]

 [[  7.17163086e-03   3.55720520e-04   4.51087952e-04 ...,   4.51087952e-04
     4.51087952e-04   4.51087952e-04]
  [  2.01034546e-03   4.51087952e-04   4.51087952e-04 ...,   4.51087952e-04
     4.51087952e-04   4.51087952e-04]
  [  3.53050232e-03   4.43458557e-04   4.51087952e-04 ...,   4.51087952e-04
     4.51087952e-04   4.51087952e-04]
  ..., 
  [  4.51087952e-04   4.51087952e-04   4.51087952e-04 ...,   4.51087952e-04
     4.51087952e-04   4.51087952e-04]
  [  4.51087952e-04   4.51087952e-04   4.51087952e-04 ...,   4.51087952e-04
     4.51087952e-04   4.51087952e-04]
  [  4.51087952e-04   4.51087952e-04   4.51087952e-04 ...,   4.51087952e-04
     4.51087952e-04   4.51087952e-04]]

 [[  1.42097473e-04   1.39808655e-03  -6.96182251e-05 ...,  -6.96182251e-05
    -6.96182251e-05  -6.96182251e-05]
  [  0.00000000e+00  -6.96182251e-05  -6.96182251e-05 ...,  -6.96182251e-05
    -6.96182251e-05  -6.96182251e-05]
  [  0.00000000e+00   0.00000000e+00  -6.96182251e-05 ...,  -6.96182251e-05
    -6.96182251e-05  -6.96182251e-05]
  ..., 
  [ -6.96182251e-05  -6.96182251e-05  -6.96182251e-05 ...,  -6.96182251e-05
    -6.96182251e-05  -6.96182251e-05]
  [ -6.96182251e-05  -6.96182251e-05  -6.96182251e-05 ...,  -6.96182251e-05
    -6.96182251e-05  -6.96182251e-05]
  [ -6.96182251e-05  -6.96182251e-05  -6.96182251e-05 ...,  -6.96182251e-05
    -6.96182251e-05  -6.96182251e-05]]

 ..., 
 [[ -7.53402710e-05   0.00000000e+00   0.00000000e+00 ...,   0.00000000e+00
     0.00000000e+00   0.00000000e+00]
  [  0.00000000e+00   0.00000000e+00   0.00000000e+00 ...,   0.00000000e+00
     0.00000000e+00   0.00000000e+00]
  [  0.00000000e+00   0.00000000e+00   0.00000000e+00 ...,   0.00000000e+00
     0.00000000e+00   0.00000000e+00]
  ..., 
  [  0.00000000e+00   0.00000000e+00   0.00000000e+00 ...,   0.00000000e+00
     0.00000000e+00   0.00000000e+00]
  [  0.00000000e+00   0.00000000e+00   0.00000000e+00 ...,   0.00000000e+00
     0.00000000e+00   0.00000000e+00]
  [  0.00000000e+00   0.00000000e+00   0.00000000e+00 ...,   0.00000000e+00
     0.00000000e+00   0.00000000e+00]]

 [[  2.05993652e-04   1.55448914e-04   1.88827515e-04 ...,   1.88827515e-04
     1.88827515e-04   1.88827515e-04]
  [  1.92642212e-04   1.88827515e-04   1.88827515e-04 ...,   1.88827515e-04
     1.88827515e-04   1.88827515e-04]
  [  1.96456909e-04   1.83105469e-04   1.88827515e-04 ...,   1.88827515e-04
     1.88827515e-04   1.88827515e-04]
  ..., 
  [  1.88827515e-04   1.88827515e-04   1.88827515e-04 ...,   1.88827515e-04
     1.88827515e-04   1.88827515e-04]
  [  1.88827515e-04   1.88827515e-04   1.88827515e-04 ...,   1.88827515e-04
     1.88827515e-04   1.88827515e-04]
  [  1.88827515e-04   1.88827515e-04   1.88827515e-04 ...,   1.88827515e-04
     1.88827515e-04   1.88827515e-04]]

 [[  7.34329224e-05   0.00000000e+00   0.00000000e+00 ...,   0.00000000e+00
     0.00000000e+00   0.00000000e+00]
  [  0.00000000e+00   0.00000000e+00   0.00000000e+00 ...,   0.00000000e+00
     0.00000000e+00   0.00000000e+00]
  [  0.00000000e+00   0.00000000e+00   0.00000000e+00 ...,   0.00000000e+00
     0.00000000e+00   0.00000000e+00]
  ..., 
  [  0.00000000e+00   0.00000000e+00   0.00000000e+00 ...,   0.00000000e+00
     0.00000000e+00   0.00000000e+00]
  [  0.00000000e+00   0.00000000e+00   0.00000000e+00 ...,   0.00000000e+00
     0.00000000e+00   0.00000000e+00]
  [  0.00000000e+00   0.00000000e+00   0.00000000e+00 ...,   0.00000000e+00
     0.00000000e+00   0.00000000e+00]]] 
[ INFO ] Num Objects in ONE FRAME are 0 length of rect is 0
[ INFO ] Updated Existing Centroids - []
[ INFO ] Disappeared IDs and Values OrderedDict()
[ INFO ] Objects in 0,0,0,0 -0.00619507 
[ INFO ] Objects in 0,0,0, [ -6.19506836e-03   9.05990601e-05   9.82284546e-05   9.82284546e-05
   9.82284546e-05   9.82284546e-05   9.82284546e-05   9.82284546e-05
   9.82284546e-05   9.82284546e-05   9.82284546e-05   9.82284546e-05
   9.82284546e-05   9.82284546e-05   9.82284546e-05   9.82284546e-05
   9.82284546e-05   9.82284546e-05   9.82284546e-05   9.82284546e-05
   9.82284546e-05   9.82284546e-05   9.82284546e-05   9.82284546e-05
   9.82284546e-05   9.82284546e-05   9.82284546e-05   9.82284546e-05
   9.82284546e-05   9.82284546e-05   9.82284546e-05   9.82284546e-05
   9.82284546e-05   9.82284546e-05   9.82284546e-05   9.82284546e-05
   9.82284546e-05   9.82284546e-05   9.82284546e-05   9.82284546e-05
   9.82284546e-05   9.82284546e-05   9.82284546e-05   9.82284546e-05
   9.82284546e-05   9.82284546e-05   9.82284546e-05   9.82284546e-05
   9.82284546e-05   9.82284546e-05   9.82284546e-05   9.82284546e-05
   9.82284546e-05   9.82284546e-05   9.82284546e-05   9.82284546e-05
   9.82284546e-05] 
[ INFO ] Objects in 0,0 are [[ -6.19506836e-03   9.05990601e-05   9.82284546e-05 ...,   9.82284546e-05
    9.82284546e-05   9.82284546e-05]
 [ -1.16252899e-03   9.82284546e-05   9.82284546e-05 ...,   9.82284546e-05
    9.82284546e-05   9.82284546e-05]
 [ -2.18963623e-03   9.53674316e-05   9.82284546e-05 ...,   9.82284546e-05
    9.82284546e-05   9.82284546e-05]
 ..., 
 [  9.82284546e-05   9.82284546e-05   9.82284546e-05 ...,   9.82284546e-05
    9.82284546e-05   9.82284546e-05]
 [  9.82284546e-05   9.82284546e-05   9.82284546e-05 ...,   9.82284546e-05
    9.82284546e-05   9.82284546e-05]
 [  9.82284546e-05   9.82284546e-05   9.82284546e-05 ...,   9.82284546e-05
    9.82284546e-05   9.82284546e-05]] 
[ INFO ] Objects in 0 are [[[ -6.19506836e-03   9.05990601e-05   9.82284546e-05 ...,   9.82284546e-05
     9.82284546e-05   9.82284546e-05]
  [ -1.16252899e-03   9.82284546e-05   9.82284546e-05 ...,   9.82284546e-05
     9.82284546e-05   9.82284546e-05]
  [ -2.18963623e-03   9.53674316e-05   9.82284546e-05 ...,   9.82284546e-05
     9.82284546e-05   9.82284546e-05]
  ..., 
  [  9.82284546e-05   9.82284546e-05   9.82284546e-05 ...,   9.82284546e-05
     9.82284546e-05   9.82284546e-05]
  [  9.82284546e-05   9.82284546e-05   9.82284546e-05 ...,   9.82284546e-05
     9.82284546e-05   9.82284546e-05]
  [  9.82284546e-05   9.82284546e-05   9.82284546e-05 ...,   9.82284546e-05
     9.82284546e-05   9.82284546e-05]]

 [[  7.78579712e-03   3.85284424e-04   4.51087952e-04 ...,   4.51087952e-04
     4.51087952e-04   4.51087952e-04]
  [  1.92070007e-03   4.51087952e-04   4.51087952e-04 ...,   4.51087952e-04
     4.51087952e-04   4.51087952e-04]
  [  3.11851501e-03   4.49180603e-04   4.51087952e-04 ...,   4.51087952e-04
     4.51087952e-04   4.51087952e-04]
  ..., 
  [  4.51087952e-04   4.51087952e-04   4.51087952e-04 ...,   4.51087952e-04
     4.51087952e-04   4.51087952e-04]
  [  4.51087952e-04   4.51087952e-04   4.51087952e-04 ...,   4.51087952e-04
     4.51087952e-04   4.51087952e-04]
  [  4.51087952e-04   4.51087952e-04   4.51087952e-04 ...,   4.51087952e-04
     4.51087952e-04   4.51087952e-04]]

 [[  1.52587891e-04   9.31739807e-04  -6.96182251e-05 ...,  -6.96182251e-05
    -6.96182251e-05  -6.96182251e-05]
  [  0.00000000e+00  -6.96182251e-05  -6.96182251e-05 ...,  -6.96182251e-05
    -6.96182251e-05  -6.96182251e-05]
  [  0.00000000e+00   0.00000000e+00  -6.96182251e-05 ...,  -6.96182251e-05
    -6.96182251e-05  -6.96182251e-05]
  ..., 
  [ -6.96182251e-05  -6.96182251e-05  -6.96182251e-05 ...,  -6.96182251e-05
    -6.96182251e-05  -6.96182251e-05]
  [ -6.96182251e-05  -6.96182251e-05  -6.96182251e-05 ...,  -6.96182251e-05
    -6.96182251e-05  -6.96182251e-05]
  [ -6.96182251e-05  -6.96182251e-05  -6.96182251e-05 ...,  -6.96182251e-05
    -6.96182251e-05  -6.96182251e-05]]

 ..., 
 [[ -8.67843628e-05   0.00000000e+00   0.00000000e+00 ...,   0.00000000e+00
     0.00000000e+00   0.00000000e+00]
  [  0.00000000e+00   0.00000000e+00   0.00000000e+00 ...,   0.00000000e+00
     0.00000000e+00   0.00000000e+00]
  [  0.00000000e+00   0.00000000e+00   0.00000000e+00 ...,   0.00000000e+00
     0.00000000e+00   0.00000000e+00]
  ..., 
  [  0.00000000e+00   0.00000000e+00   0.00000000e+00 ...,   0.00000000e+00
     0.00000000e+00   0.00000000e+00]
  [  0.00000000e+00   0.00000000e+00   0.00000000e+00 ...,   0.00000000e+00
     0.00000000e+00   0.00000000e+00]
  [  0.00000000e+00   0.00000000e+00   0.00000000e+00 ...,   0.00000000e+00
     0.00000000e+00   0.00000000e+00]]

 [[  2.07901001e-04   1.65939331e-04   1.88827515e-04 ...,   1.88827515e-04
     1.88827515e-04   1.88827515e-04]
  [  1.92642212e-04   1.88827515e-04   1.88827515e-04 ...,   1.88827515e-04
     1.88827515e-04   1.88827515e-04]
  [  1.95503235e-04   1.86920166e-04   1.88827515e-04 ...,   1.88827515e-04
     1.88827515e-04   1.88827515e-04]
  ..., 
  [  1.88827515e-04   1.88827515e-04   1.88827515e-04 ...,   1.88827515e-04
     1.88827515e-04   1.88827515e-04]
  [  1.88827515e-04   1.88827515e-04   1.88827515e-04 ...,   1.88827515e-04
     1.88827515e-04   1.88827515e-04]
  [  1.88827515e-04   1.88827515e-04   1.88827515e-04 ...,   1.88827515e-04
     1.88827515e-04   1.88827515e-04]]

 [[  7.91549683e-05   0.00000000e+00   0.00000000e+00 ...,   0.00000000e+00
     0.00000000e+00   0.00000000e+00]
  [  0.00000000e+00   0.00000000e+00   0.00000000e+00 ...,   0.00000000e+00
     0.00000000e+00   0.00000000e+00]
  [  0.00000000e+00   0.00000000e+00   0.00000000e+00 ...,   0.00000000e+00
     0.00000000e+00   0.00000000e+00]
  ..., 
  [  0.00000000e+00   0.00000000e+00   0.00000000e+00 ...,   0.00000000e+00
     0.00000000e+00   0.00000000e+00]
  [  0.00000000e+00   0.00000000e+00   0.00000000e+00 ...,   0.00000000e+00
     0.00000000e+00   0.00000000e+00]
  [  0.00000000e+00   0.00000000e+00   0.00000000e+00 ...,   0.00000000e+00
     0.00000000e+00   0.00000000e+00]]] 
[ INFO ] Num Objects in ONE FRAME are 0 length of rect is 0
[ INFO ] Updated Existing Centroids - []
[ INFO ] Disappeared IDs and Values OrderedDict()
[ INFO ] Objects in 0,0,0,0 -0.00541306 
[ INFO ] Objects in 0,0,0, [ -5.41305542e-03   8.86917114e-05   9.82284546e-05   9.82284546e-05
   9.82284546e-05   9.82284546e-05   9.82284546e-05   9.82284546e-05
   9.82284546e-05   9.82284546e-05   9.82284546e-05   9.82284546e-05
   9.82284546e-05   9.82284546e-05   9.82284546e-05   9.82284546e-05
   9.82284546e-05   9.82284546e-05   9.82284546e-05   9.82284546e-05
   9.82284546e-05   9.82284546e-05   9.82284546e-05   9.82284546e-05
   9.82284546e-05   9.82284546e-05   9.82284546e-05   9.82284546e-05
   9.82284546e-05   9.82284546e-05   9.82284546e-05   9.82284546e-05
   9.82284546e-05   9.82284546e-05   9.82284546e-05   9.82284546e-05
   9.82284546e-05   9.82284546e-05   9.82284546e-05   9.82284546e-05
   9.82284546e-05   9.82284546e-05   9.82284546e-05   9.82284546e-05
   9.82284546e-05   9.82284546e-05   9.82284546e-05   9.82284546e-05
   9.82284546e-05   9.82284546e-05   9.82284546e-05   9.82284546e-05
   9.82284546e-05   9.82284546e-05   9.82284546e-05   9.82284546e-05
   9.82284546e-05] 
[ INFO ] Objects in 0,0 are [[ -5.41305542e-03   8.86917114e-05   9.82284546e-05 ...,   9.82284546e-05
    9.82284546e-05   9.82284546e-05]
 [ -1.39236450e-04   9.82284546e-05   9.82284546e-05 ...,   9.82284546e-05
    9.82284546e-05   9.82284546e-05]
 [ -1.71756744e-03   9.05990601e-05   9.82284546e-05 ...,   9.82284546e-05
    9.82284546e-05   9.82284546e-05]
 ..., 
 [  9.82284546e-05   9.82284546e-05   9.82284546e-05 ...,   9.82284546e-05
    9.82284546e-05   9.82284546e-05]
 [  9.82284546e-05   9.82284546e-05   9.82284546e-05 ...,   9.82284546e-05
    9.82284546e-05   9.82284546e-05]
 [  9.82284546e-05   9.82284546e-05   9.82284546e-05 ...,   9.82284546e-05
    9.82284546e-05   9.82284546e-05]] 
[ INFO ] Objects in 0 are [[[ -5.41305542e-03   8.86917114e-05   9.82284546e-05 ...,   9.82284546e-05
     9.82284546e-05   9.82284546e-05]
  [ -1.39236450e-04   9.82284546e-05   9.82284546e-05 ...,   9.82284546e-05
     9.82284546e-05   9.82284546e-05]
  [ -1.71756744e-03   9.05990601e-05   9.82284546e-05 ...,   9.82284546e-05
     9.82284546e-05   9.82284546e-05]
  ..., 
  [  9.82284546e-05   9.82284546e-05   9.82284546e-05 ...,   9.82284546e-05
     9.82284546e-05   9.82284546e-05]
  [  9.82284546e-05   9.82284546e-05   9.82284546e-05 ...,   9.82284546e-05
     9.82284546e-05   9.82284546e-05]
  [  9.82284546e-05   9.82284546e-05   9.82284546e-05 ...,   9.82284546e-05
     9.82284546e-05   9.82284546e-05]]

 [[  6.87408447e-03   3.67164612e-04   4.51087952e-04 ...,   4.51087952e-04
     4.51087952e-04   4.51087952e-04]
  [  7.26699829e-04   4.51087952e-04   4.51087952e-04 ...,   4.51087952e-04
     4.51087952e-04   4.51087952e-04]
  [  2.56729126e-03   4.44412231e-04   4.51087952e-04 ...,   4.51087952e-04
     4.51087952e-04   4.51087952e-04]
  ..., 
  [  4.51087952e-04   4.51087952e-04   4.51087952e-04 ...,   4.51087952e-04
     4.51087952e-04   4.51087952e-04]
  [  4.51087952e-04   4.51087952e-04   4.51087952e-04 ...,   4.51087952e-04
     4.51087952e-04   4.51087952e-04]
  [  4.51087952e-04   4.51087952e-04   4.51087952e-04 ...,   4.51087952e-04
     4.51087952e-04   4.51087952e-04]]

 [[  1.24931335e-04   1.21116638e-03  -6.96182251e-05 ...,  -6.96182251e-05
    -6.96182251e-05  -6.96182251e-05]
  [ -6.19888306e-05  -6.96182251e-05  -6.96182251e-05 ...,  -6.96182251e-05
    -6.96182251e-05  -6.96182251e-05]
  [  0.00000000e+00   0.00000000e+00  -6.96182251e-05 ...,  -6.96182251e-05
    -6.96182251e-05  -6.96182251e-05]
  ..., 
  [ -6.96182251e-05  -6.96182251e-05  -6.96182251e-05 ...,  -6.96182251e-05
    -6.96182251e-05  -6.96182251e-05]
  [ -6.96182251e-05  -6.96182251e-05  -6.96182251e-05 ...,  -6.96182251e-05
    -6.96182251e-05  -6.96182251e-05]
  [ -6.96182251e-05  -6.96182251e-05  -6.96182251e-05 ...,  -6.96182251e-05
    -6.96182251e-05  -6.96182251e-05]]

 ..., 
 [[ -7.62939453e-05   0.00000000e+00   0.00000000e+00 ...,   0.00000000e+00
     0.00000000e+00   0.00000000e+00]
  [  0.00000000e+00   0.00000000e+00   0.00000000e+00 ...,   0.00000000e+00
     0.00000000e+00   0.00000000e+00]
  [  0.00000000e+00   0.00000000e+00   0.00000000e+00 ...,   0.00000000e+00
     0.00000000e+00   0.00000000e+00]
  ..., 
  [  0.00000000e+00   0.00000000e+00   0.00000000e+00 ...,   0.00000000e+00
     0.00000000e+00   0.00000000e+00]
  [  0.00000000e+00   0.00000000e+00   0.00000000e+00 ...,   0.00000000e+00
     0.00000000e+00   0.00000000e+00]
  [  0.00000000e+00   0.00000000e+00   0.00000000e+00 ...,   0.00000000e+00
     0.00000000e+00   0.00000000e+00]]

 [[  2.05039978e-04   1.59263611e-04   1.88827515e-04 ...,   1.88827515e-04
     1.88827515e-04   1.88827515e-04]
  [  1.88827515e-04   1.88827515e-04   1.88827515e-04 ...,   1.88827515e-04
     1.88827515e-04   1.88827515e-04]
  [  1.93595886e-04   1.84059143e-04   1.88827515e-04 ...,   1.88827515e-04
     1.88827515e-04   1.88827515e-04]
  ..., 
  [  1.88827515e-04   1.88827515e-04   1.88827515e-04 ...,   1.88827515e-04
     1.88827515e-04   1.88827515e-04]
  [  1.88827515e-04   1.88827515e-04   1.88827515e-04 ...,   1.88827515e-04
     1.88827515e-04   1.88827515e-04]
  [  1.88827515e-04   1.88827515e-04   1.88827515e-04 ...,   1.88827515e-04
     1.88827515e-04   1.88827515e-04]]

 [[  6.96182251e-05   0.00000000e+00   0.00000000e+00 ...,   0.00000000e+00
     0.00000000e+00   0.00000000e+00]
  [  0.00000000e+00   0.00000000e+00   0.00000000e+00 ...,   0.00000000e+00
     0.00000000e+00   0.00000000e+00]
  [  0.00000000e+00   0.00000000e+00   0.00000000e+00 ...,   0.00000000e+00
     0.00000000e+00   0.00000000e+00]
  ..., 
  [  0.00000000e+00   0.00000000e+00   0.00000000e+00 ...,   0.00000000e+00
     0.00000000e+00   0.00000000e+00]
  [  0.00000000e+00   0.00000000e+00   0.00000000e+00 ...,   0.00000000e+00
     0.00000000e+00   0.00000000e+00]
  [  0.00000000e+00   0.00000000e+00   0.00000000e+00 ...,   0.00000000e+00
     0.00000000e+00   0.00000000e+00]]] 
[ INFO ] Num Objects in ONE FRAME are 0 length of rect is 0
[ INFO ] Updated Existing Centroids - []
[ INFO ] Disappeared IDs and Values OrderedDict()
