[1] "INFO: Working directory: ."
[1] "INFO: CHECKPOINT_LOCATION is not defined. Skipping."
[1] "INFO: START DATE: 2019-10-24, END DATE: 2019-10-25"
[1] "Head Down Failure DCM 1006"
[1] "INFO: Algorithm Type: ERROR_COUNT"
[1] "Get Data Query for (2019-10-24,2019-10-25,2)"
[1] "INFO: ALL VARS WERE MATCHED"
[1] "INFO: ALL VARS WERE MATCHED"
[1] "INFO: NROW = 206"
   user  system elapsed 
   8.83    1.25   41.72 
[1] "INFO: Processing SN: ACP002DEC01"
[1] "(sn,flagging_days,threshold_number_unit,curr_day_errcount,threshold_number)=(ACP002DEC01,0,2,2,4)"
[1] "INFO: CONTINUE Processing SN: ACP002DEC01"
[1] "(sn,flagging_days,threshold_number_unit,curr_day_errcount,threshold_number)=(ACP002DEC01,0,2,2,4)"
[1] "INFO: CONTINUE Processing SN: ACP002DEC01"
[1] "(sn,flagging_days,threshold_number_unit,curr_day_errcount,threshold_number)=(ACP002DEC01,0,2,2,4)"
[1] "INFO: CONTINUE Processing SN: ACP002DEC01"
[1] "(sn,flagging_days,threshold_number_unit,curr_day_errcount,threshold_number)=(ACP002DEC01,0,2,2,4)"
[1] "INFO: Processing SN: ACP015DEC02"
[1] "(sn,flagging_days,threshold_number_unit,curr_day_errcount,threshold_number)=(ACP015DEC02,0,2,2,4)"
[1] "INFO: CONTINUE Processing SN: ACP015DEC02"
[1] "(sn,flagging_days,threshold_number_unit,curr_day_errcount,threshold_number)=(ACP015DEC02,0,2,2,4)"
[1] "INFO: CONTINUE Processing SN: ACP015DEC02"
[1] "(sn,flagging_days,threshold_number_unit,curr_day_errcount,threshold_number)=(ACP015DEC02,0,2,2,4)"
[1] "INFO: CONTINUE Processing SN: ACP015DEC02"
[1] "(sn,flagging_days,threshold_number_unit,curr_day_errcount,threshold_number)=(ACP015DEC02,0,2,2,4)"
[1] "INFO: Processing SN: ACP027DEC01"
[1] "(sn,flagging_days,threshold_number_unit,curr_day_errcount,threshold_number)=(ACP027DEC01,1,2,11,4)"
[1] "INFO: CONTINUE Processing SN: ACP027DEC01"
[1] "(sn,flagging_days,threshold_number_unit,curr_day_errcount,threshold_number)=(ACP027DEC01,1,2,11,4)"
[1] "INFO: Processing SN: ACP032DEC01"
[1] "(sn,flagging_days,threshold_number_unit,curr_day_errcount,threshold_number)=(ACP032DEC01,1,2,16,4)"
[1] "INFO: CONTINUE Processing SN: ACP032DEC01"
[1] "(sn,flagging_days,threshold_number_unit,curr_day_errcount,threshold_number)=(ACP032DEC01,2,2,18,4)"
[1] "INFO: SN: ACP032DEC01 FLAGGED"
[1] "INFO: Processing SN: ACP036DEC01"
[1] "(sn,flagging_days,threshold_number_unit,curr_day_errcount,threshold_number)=(ACP036DEC01,0,2,2,4)"
[1] "INFO: CONTINUE Processing SN: ACP036DEC01"
[1] "(sn,flagging_days,threshold_number_unit,curr_day_errcount,threshold_number)=(ACP036DEC01,0,2,2,4)"
[1] "INFO: Processing SN: ACP045DEC01"
[1] "(sn,flagging_days,threshold_number_unit,curr_day_errcount,threshold_number)=(ACP045DEC01,0,2,2,4)"
[1] "INFO: CONTINUE Processing SN: ACP045DEC01"
[1] "(sn,flagging_days,threshold_number_unit,curr_day_errcount,threshold_number)=(ACP045DEC01,0,2,2,4)"
[1] "INFO: CONTINUE Processing SN: ACP045DEC01"
[1] "(sn,flagging_days,threshold_number_unit,curr_day_errcount,threshold_number)=(ACP045DEC01,1,2,12,4)"
[1] "INFO: Processing SN: ACP049DEC01"
[1] "(sn,flagging_days,threshold_number_unit,curr_day_errcount,threshold_number)=(ACP049DEC01,0,2,2,4)"
[1] "INFO: CONTINUE Processing SN: ACP049DEC01"
[1] "(sn,flagging_days,threshold_number_unit,curr_day_errcount,threshold_number)=(ACP049DEC01,1,2,6,4)"
[1] "INFO: Processing SN: ACP061DEC01"
[1] "(sn,flagging_days,threshold_number_unit,curr_day_errcount,threshold_number)=(ACP061DEC01,0,2,2,4)"
[1] "INFO: CONTINUE Processing SN: ACP061DEC01"
[1] "(sn,flagging_days,threshold_number_unit,curr_day_errcount,threshold_number)=(ACP061DEC01,0,2,2,4)"
[1] "INFO: Processing SN: ACP064DEC01"
[1] "(sn,flagging_days,threshold_number_unit,curr_day_errcount,threshold_number)=(ACP064DEC01,1,2,96,4)"
[1] "INFO: CONTINUE Processing SN: ACP064DEC01"
[1] "(sn,flagging_days,threshold_number_unit,curr_day_errcount,threshold_number)=(ACP064DEC01,2,2,24,4)"
[1] "INFO: SN: ACP064DEC01 FLAGGED"
[1] "INFO: CONTINUE Processing SN: ACP064DEC01"
[1] "(sn,flagging_days,threshold_number_unit,curr_day_errcount,threshold_number)=(ACP064DEC01,2,2,24,4)"
[1] "INFO: SN: ACP064DEC01 FLAGGED"
[1] "INFO: Processing SN: ACP069DEC01"
[1] "(sn,flagging_days,threshold_number_unit,curr_day_errcount,threshold_number)=(ACP069DEC01,1,2,6,4)"
[1] "INFO: CONTINUE Processing SN: ACP069DEC01"
[1] "(sn,flagging_days,threshold_number_unit,curr_day_errcount,threshold_number)=(ACP069DEC01,1,2,6,4)"
[1] "INFO: CONTINUE Processing SN: ACP069DEC01"
[1] "(sn,flagging_days,threshold_number_unit,curr_day_errcount,threshold_number)=(ACP069DEC01,0,2,2,4)"
[1] "INFO: CONTINUE Processing SN: ACP069DEC01"
[1] "(sn,flagging_days,threshold_number_unit,curr_day_errcount,threshold_number)=(ACP069DEC01,0,2,2,4)"
[1] "INFO: Processing SN: ACP071DEC01"
[1] "(sn,flagging_days,threshold_number_unit,curr_day_errcount,threshold_number)=(ACP071DEC01,1,2,4,4)"
[1] "INFO: Processing SN: ACP080DEC01"
[1] "(sn,flagging_days,threshold_number_unit,curr_day_errcount,threshold_number)=(ACP080DEC01,1,2,28,4)"
[1] "INFO: CONTINUE Processing SN: ACP080DEC01"
[1] "(sn,flagging_days,threshold_number_unit,curr_day_errcount,threshold_number)=(ACP080DEC01,2,2,14,4)"
[1] "INFO: SN: ACP080DEC01 FLAGGED"
[1] "INFO: Processing SN: ACP083DEC01"
[1] "(sn,flagging_days,threshold_number_unit,curr_day_errcount,threshold_number)=(ACP083DEC01,1,2,48,4)"
[1] "INFO: CONTINUE Processing SN: ACP083DEC01"
[1] "(sn,flagging_days,threshold_number_unit,curr_day_errcount,threshold_number)=(ACP083DEC01,1,2,48,4)"
[1] "INFO: Processing SN: ACP083DEC03"
[1] "(sn,flagging_days,threshold_number_unit,curr_day_errcount,threshold_number)=(ACP083DEC03,0,2,2,4)"
[1] "INFO: CONTINUE Processing SN: ACP083DEC03"
[1] "(sn,flagging_days,threshold_number_unit,curr_day_errcount,threshold_number)=(ACP083DEC03,0,2,2,4)"
[1] "INFO: Processing SN: ACP092DEC01"
[1] "(sn,flagging_days,threshold_number_unit,curr_day_errcount,threshold_number)=(ACP092DEC01,0,2,2,4)"
[1] "INFO: CONTINUE Processing SN: ACP092DEC01"
[1] "(sn,flagging_days,threshold_number_unit,curr_day_errcount,threshold_number)=(ACP092DEC01,0,2,2,4)"
[1] "INFO: Processing SN: ACP096DEC01"
[1] "(sn,flagging_days,threshold_number_unit,curr_day_errcount,threshold_number)=(ACP096DEC01,0,2,2,4)"
[1] "INFO: Processing SN: ACP096DEC02"
[1] "(sn,flagging_days,threshold_number_unit,curr_day_errcount,threshold_number)=(ACP096DEC02,0,2,2,4)"
[1] "INFO: Processing SN: ACP101DEC01"
[1] "(sn,flagging_days,threshold_number_unit,curr_day_errcount,threshold_number)=(ACP101DEC01,0,2,2,4)"
[1] "INFO: CONTINUE Processing SN: ACP101DEC01"
[1] "(sn,flagging_days,threshold_number_unit,curr_day_errcount,threshold_number)=(ACP101DEC01,1,2,18,4)"
[1] "INFO: Processing SN: ACP115DEC01"
[1] "(sn,flagging_days,threshold_number_unit,curr_day_errcount,threshold_number)=(ACP115DEC01,0,2,2,4)"
[1] "INFO: Processing SN: ACP119DEC01"
[1] "(sn,flagging_days,threshold_number_unit,curr_day_errcount,threshold_number)=(ACP119DEC01,1,2,4,4)"
[1] "INFO: CONTINUE Processing SN: ACP119DEC01"
[1] "(sn,flagging_days,threshold_number_unit,curr_day_errcount,threshold_number)=(ACP119DEC01,1,2,4,4)"
[1] "INFO: Processing SN: ACP128DEC01"
[1] "(sn,flagging_days,threshold_number_unit,curr_day_errcount,threshold_number)=(ACP128DEC01,0,2,2,4)"
[1] "INFO: CONTINUE Processing SN: ACP128DEC01"
[1] "(sn,flagging_days,threshold_number_unit,curr_day_errcount,threshold_number)=(ACP128DEC01,0,2,2,4)"
[1] "INFO: Processing SN: ACP128DEC02"
[1] "(sn,flagging_days,threshold_number_unit,curr_day_errcount,threshold_number)=(ACP128DEC02,0,2,2,4)"
[1] "INFO: CONTINUE Processing SN: ACP128DEC02"
[1] "(sn,flagging_days,threshold_number_unit,curr_day_errcount,threshold_number)=(ACP128DEC02,0,2,2,4)"
[1] "INFO: CONTINUE Processing SN: ACP128DEC02"
[1] "(sn,flagging_days,threshold_number_unit,curr_day_errcount,threshold_number)=(ACP128DEC02,0,2,2,4)"
[1] "INFO: CONTINUE Processing SN: ACP128DEC02"
[1] "(sn,flagging_days,threshold_number_unit,curr_day_errcount,threshold_number)=(ACP128DEC02,0,2,2,4)"
[1] "INFO: Processing SN: ACP140DEC01"
[1] "(sn,flagging_days,threshold_number_unit,curr_day_errcount,threshold_number)=(ACP140DEC01,1,2,4,4)"
[1] "INFO: CONTINUE Processing SN: ACP140DEC01"
[1] "(sn,flagging_days,threshold_number_unit,curr_day_errcount,threshold_number)=(ACP140DEC01,1,2,4,4)"
[1] "INFO: Processing SN: ACP147DEC01"
[1] "(sn,flagging_days,threshold_number_unit,curr_day_errcount,threshold_number)=(ACP147DEC01,1,2,6,4)"
[1] "INFO: Processing SN: ACP150DEC01"
[1] "(sn,flagging_days,threshold_number_unit,curr_day_errcount,threshold_number)=(ACP150DEC01,0,2,2,4)"
[1] "INFO: CONTINUE Processing SN: ACP150DEC01"
[1] "(sn,flagging_days,threshold_number_unit,curr_day_errcount,threshold_number)=(ACP150DEC01,0,2,2,4)"
[1] "INFO: CONTINUE Processing SN: ACP150DEC01"
[1] "(sn,flagging_days,threshold_number_unit,curr_day_errcount,threshold_number)=(ACP150DEC01,1,2,4,4)"
[1] "INFO: CONTINUE Processing SN: ACP150DEC01"
[1] "(sn,flagging_days,threshold_number_unit,curr_day_errcount,threshold_number)=(ACP150DEC01,1,2,4,4)"
[1] "INFO: Processing SN: ACP150DEC03"
[1] "(sn,flagging_days,threshold_number_unit,curr_day_errcount,threshold_number)=(ACP150DEC03,1,2,16,4)"
[1] "INFO: CONTINUE Processing SN: ACP150DEC03"
[1] "(sn,flagging_days,threshold_number_unit,curr_day_errcount,threshold_number)=(ACP150DEC03,1,2,16,4)"
[1] "INFO: CONTINUE Processing SN: ACP150DEC03"
[1] "(sn,flagging_days,threshold_number_unit,curr_day_errcount,threshold_number)=(ACP150DEC03,1,2,8,4)"
[1] "INFO: CONTINUE Processing SN: ACP150DEC03"
[1] "(sn,flagging_days,threshold_number_unit,curr_day_errcount,threshold_number)=(ACP150DEC03,1,2,8,4)"
[1] "INFO: Processing SN: ACP155DEC01"
[1] "(sn,flagging_days,threshold_number_unit,curr_day_errcount,threshold_number)=(ACP155DEC01,0,2,2,4)"
[1] "INFO: Processing SN: ACP156DEC01"
[1] "(sn,flagging_days,threshold_number_unit,curr_day_errcount,threshold_number)=(ACP156DEC01,1,2,6,4)"
[1] "INFO: Processing SN: ACP157DEC01"
[1] "(sn,flagging_days,threshold_number_unit,curr_day_errcount,threshold_number)=(ACP157DEC01,1,2,8,4)"
[1] "INFO: Processing SN: ACP159DEC01"
[1] "(sn,flagging_days,threshold_number_unit,curr_day_errcount,threshold_number)=(ACP159DEC01,1,2,10,4)"
[1] "INFO: Processing SN: ACP166DEC01"
[1] "(sn,flagging_days,threshold_number_unit,curr_day_errcount,threshold_number)=(ACP166DEC01,0,2,2,4)"
[1] "INFO: Processing SN: ACP172DEC01"
[1] "(sn,flagging_days,threshold_number_unit,curr_day_errcount,threshold_number)=(ACP172DEC01,1,2,6,4)"
[1] "INFO: CONTINUE Processing SN: ACP172DEC01"
[1] "(sn,flagging_days,threshold_number_unit,curr_day_errcount,threshold_number)=(ACP172DEC01,1,2,6,4)"
[1] "INFO: Processing SN: ACP172DEC02"
[1] "(sn,flagging_days,threshold_number_unit,curr_day_errcount,threshold_number)=(ACP172DEC02,1,2,12,4)"
[1] "INFO: CONTINUE Processing SN: ACP172DEC02"
[1] "(sn,flagging_days,threshold_number_unit,curr_day_errcount,threshold_number)=(ACP172DEC02,1,2,12,4)"
[1] "INFO: CONTINUE Processing SN: ACP172DEC02"
[1] "(sn,flagging_days,threshold_number_unit,curr_day_errcount,threshold_number)=(ACP172DEC02,1,2,18,4)"
[1] "INFO: CONTINUE Processing SN: ACP172DEC02"
[1] "(sn,flagging_days,threshold_number_unit,curr_day_errcount,threshold_number)=(ACP172DEC02,1,2,18,4)"
[1] "INFO: Processing SN: ACP177DEC02"
[1] "(sn,flagging_days,threshold_number_unit,curr_day_errcount,threshold_number)=(ACP177DEC02,0,2,2,4)"
[1] "INFO: CONTINUE Processing SN: ACP177DEC02"
[1] "(sn,flagging_days,threshold_number_unit,curr_day_errcount,threshold_number)=(ACP177DEC02,0,2,2,4)"
[1] "INFO: Processing SN: ACP181DEC01"
[1] "(sn,flagging_days,threshold_number_unit,curr_day_errcount,threshold_number)=(ACP181DEC01,1,2,36,4)"
[1] "INFO: CONTINUE Processing SN: ACP181DEC01"
[1] "(sn,flagging_days,threshold_number_unit,curr_day_errcount,threshold_number)=(ACP181DEC01,2,2,31,4)"
[1] "INFO: SN: ACP181DEC01 FLAGGED"
[1] "INFO: Processing SN: ACP183DEC01"
[1] "(sn,flagging_days,threshold_number_unit,curr_day_errcount,threshold_number)=(ACP183DEC01,1,2,24,4)"
[1] "INFO: CONTINUE Processing SN: ACP183DEC01"
[1] "(sn,flagging_days,threshold_number_unit,curr_day_errcount,threshold_number)=(ACP183DEC01,2,2,22,4)"
[1] "INFO: SN: ACP183DEC01 FLAGGED"
[1] "INFO: Processing SN: ACP188DEC01"
[1] "(sn,flagging_days,threshold_number_unit,curr_day_errcount,threshold_number)=(ACP188DEC01,0,2,2,4)"
[1] "INFO: CONTINUE Processing SN: ACP188DEC01"
[1] "(sn,flagging_days,threshold_number_unit,curr_day_errcount,threshold_number)=(ACP188DEC01,0,2,2,4)"
[1] "INFO: Processing SN: ACP193DEC01"
[1] "(sn,flagging_days,threshold_number_unit,curr_day_errcount,threshold_number)=(ACP193DEC01,1,2,4,4)"
[1] "INFO: Processing SN: ACP195DEC01"
[1] "(sn,flagging_days,threshold_number_unit,curr_day_errcount,threshold_number)=(ACP195DEC01,1,2,4,4)"
[1] "INFO: CONTINUE Processing SN: ACP195DEC01"
[1] "(sn,flagging_days,threshold_number_unit,curr_day_errcount,threshold_number)=(ACP195DEC01,0,2,1,4)"
[1] "INFO: Processing SN: ACP196DEC03"
[1] "(sn,flagging_days,threshold_number_unit,curr_day_errcount,threshold_number)=(ACP196DEC03,0,2,2,4)"
[1] "INFO: CONTINUE Processing SN: ACP196DEC03"
[1] "(sn,flagging_days,threshold_number_unit,curr_day_errcount,threshold_number)=(ACP196DEC03,0,2,2,4)"
[1] "INFO: CONTINUE Processing SN: ACP196DEC03"
[1] "(sn,flagging_days,threshold_number_unit,curr_day_errcount,threshold_number)=(ACP196DEC03,0,2,2,4)"
[1] "INFO: CONTINUE Processing SN: ACP196DEC03"
[1] "(sn,flagging_days,threshold_number_unit,curr_day_errcount,threshold_number)=(ACP196DEC03,0,2,2,4)"
[1] "INFO: Processing SN: ACP196DEC04"
[1] "(sn,flagging_days,threshold_number_unit,curr_day_errcount,threshold_number)=(ACP196DEC04,1,2,4,4)"
[1] "INFO: CONTINUE Processing SN: ACP196DEC04"
[1] "(sn,flagging_days,threshold_number_unit,curr_day_errcount,threshold_number)=(ACP196DEC04,1,2,4,4)"
[1] "INFO: CONTINUE Processing SN: ACP196DEC04"
[1] "(sn,flagging_days,threshold_number_unit,curr_day_errcount,threshold_number)=(ACP196DEC04,0,2,2,4)"
[1] "INFO: CONTINUE Processing SN: ACP196DEC04"
[1] "(sn,flagging_days,threshold_number_unit,curr_day_errcount,threshold_number)=(ACP196DEC04,0,2,2,4)"
[1] "INFO: Processing SN: ACP196DEC06"
[1] "(sn,flagging_days,threshold_number_unit,curr_day_errcount,threshold_number)=(ACP196DEC06,1,2,16,4)"
[1] "INFO: CONTINUE Processing SN: ACP196DEC06"
[1] "(sn,flagging_days,threshold_number_unit,curr_day_errcount,threshold_number)=(ACP196DEC06,1,2,16,4)"
[1] "INFO: CONTINUE Processing SN: ACP196DEC06"
[1] "(sn,flagging_days,threshold_number_unit,curr_day_errcount,threshold_number)=(ACP196DEC06,1,2,14,4)"
[1] "INFO: CONTINUE Processing SN: ACP196DEC06"
[1] "(sn,flagging_days,threshold_number_unit,curr_day_errcount,threshold_number)=(ACP196DEC06,1,2,14,4)"
[1] "INFO: Processing SN: ACP196DEC07"
[1] "(sn,flagging_days,threshold_number_unit,curr_day_errcount,threshold_number)=(ACP196DEC07,0,2,2,4)"
[1] "INFO: CONTINUE Processing SN: ACP196DEC07"
[1] "(sn,flagging_days,threshold_number_unit,curr_day_errcount,threshold_number)=(ACP196DEC07,0,2,2,4)"
[1] "INFO: Processing SN: ACP197DEC01"
[1] "(sn,flagging_days,threshold_number_unit,curr_day_errcount,threshold_number)=(ACP197DEC01,0,2,2,4)"
[1] "INFO: Processing SN: ACP198DEC01"
[1] "(sn,flagging_days,threshold_number_unit,curr_day_errcount,threshold_number)=(ACP198DEC01,1,2,76,4)"
[1] "INFO: CONTINUE Processing SN: ACP198DEC01"
[1] "(sn,flagging_days,threshold_number_unit,curr_day_errcount,threshold_number)=(ACP198DEC01,0,2,2,4)"
[1] "INFO: Processing SN: ACP200DEC01"
[1] "(sn,flagging_days,threshold_number_unit,curr_day_errcount,threshold_number)=(ACP200DEC01,1,2,18,4)"
[1] "INFO: CONTINUE Processing SN: ACP200DEC01"
[1] "(sn,flagging_days,threshold_number_unit,curr_day_errcount,threshold_number)=(ACP200DEC01,1,2,18,4)"
[1] "INFO: CONTINUE Processing SN: ACP200DEC01"
[1] "(sn,flagging_days,threshold_number_unit,curr_day_errcount,threshold_number)=(ACP200DEC01,1,2,32,4)"
[1] "INFO: Processing SN: ACP201DEC01"
[1] "(sn,flagging_days,threshold_number_unit,curr_day_errcount,threshold_number)=(ACP201DEC01,1,2,114,4)"
[1] "INFO: CONTINUE Processing SN: ACP201DEC01"
[1] "(sn,flagging_days,threshold_number_unit,curr_day_errcount,threshold_number)=(ACP201DEC01,2,2,279,4)"
[1] "INFO: SN: ACP201DEC01 FLAGGED"
[1] "INFO: Processing SN: ACP203DEC01"
[1] "(sn,flagging_days,threshold_number_unit,curr_day_errcount,threshold_number)=(ACP203DEC01,0,2,2,4)"
[1] "INFO: CONTINUE Processing SN: ACP203DEC01"
[1] "(sn,flagging_days,threshold_number_unit,curr_day_errcount,threshold_number)=(ACP203DEC01,1,2,16,4)"
[1] "INFO: Processing SN: ACP206DEC01"
[1] "(sn,flagging_days,threshold_number_unit,curr_day_errcount,threshold_number)=(ACP206DEC01,0,2,2,4)"
[1] "INFO: CONTINUE Processing SN: ACP206DEC01"
[1] "(sn,flagging_days,threshold_number_unit,curr_day_errcount,threshold_number)=(ACP206DEC01,1,2,6,4)"
[1] "INFO: Processing SN: ACP210DEC01"
[1] "(sn,flagging_days,threshold_number_unit,curr_day_errcount,threshold_number)=(ACP210DEC01,1,2,50,4)"
[1] "INFO: CONTINUE Processing SN: ACP210DEC01"
[1] "(sn,flagging_days,threshold_number_unit,curr_day_errcount,threshold_number)=(ACP210DEC01,2,2,44,4)"
[1] "INFO: SN: ACP210DEC01 FLAGGED"
[1] "INFO: Processing SN: ACP212DEC01"
[1] "(sn,flagging_days,threshold_number_unit,curr_day_errcount,threshold_number)=(ACP212DEC01,1,2,22,4)"
[1] "INFO: Processing SN: ACP224DEC01"
[1] "(sn,flagging_days,threshold_number_unit,curr_day_errcount,threshold_number)=(ACP224DEC01,0,2,2,4)"
[1] "INFO: Processing SN: ACP229DEC01"
[1] "(sn,flagging_days,threshold_number_unit,curr_day_errcount,threshold_number)=(ACP229DEC01,1,2,56,4)"
[1] "INFO: CONTINUE Processing SN: ACP229DEC01"
[1] "(sn,flagging_days,threshold_number_unit,curr_day_errcount,threshold_number)=(ACP229DEC01,1,2,56,4)"
[1] "INFO: CONTINUE Processing SN: ACP229DEC01"
[1] "(sn,flagging_days,threshold_number_unit,curr_day_errcount,threshold_number)=(ACP229DEC01,1,2,4,4)"
[1] "INFO: CONTINUE Processing SN: ACP229DEC01"
[1] "(sn,flagging_days,threshold_number_unit,curr_day_errcount,threshold_number)=(ACP229DEC01,1,2,4,4)"
[1] "INFO: Processing SN: ACP230DEC01"
[1] "(sn,flagging_days,threshold_number_unit,curr_day_errcount,threshold_number)=(ACP230DEC01,1,2,4,4)"
[1] "INFO: CONTINUE Processing SN: ACP230DEC01"
[1] "(sn,flagging_days,threshold_number_unit,curr_day_errcount,threshold_number)=(ACP230DEC01,0,2,2,4)"
[1] "INFO: Processing SN: ACP232DEC02"
[1] "(sn,flagging_days,threshold_number_unit,curr_day_errcount,threshold_number)=(ACP232DEC02,0,2,2,4)"
[1] "INFO: CONTINUE Processing SN: ACP232DEC02"
[1] "(sn,flagging_days,threshold_number_unit,curr_day_errcount,threshold_number)=(ACP232DEC02,0,2,2,4)"
[1] "INFO: Processing SN: ACP236DEC01"
[1] "(sn,flagging_days,threshold_number_unit,curr_day_errcount,threshold_number)=(ACP236DEC01,0,2,2,4)"
[1] "INFO: CONTINUE Processing SN: ACP236DEC01"
[1] "(sn,flagging_days,threshold_number_unit,curr_day_errcount,threshold_number)=(ACP236DEC01,0,2,2,4)"
[1] "INFO: CONTINUE Processing SN: ACP236DEC01"
[1] "(sn,flagging_days,threshold_number_unit,curr_day_errcount,threshold_number)=(ACP236DEC01,0,2,2,4)"
[1] "INFO: CONTINUE Processing SN: ACP236DEC01"
[1] "(sn,flagging_days,threshold_number_unit,curr_day_errcount,threshold_number)=(ACP236DEC01,0,2,2,4)"
[1] "INFO: Processing SN: ACP253DEC01"
[1] "(sn,flagging_days,threshold_number_unit,curr_day_errcount,threshold_number)=(ACP253DEC01,0,2,2,4)"
[1] "INFO: CONTINUE Processing SN: ACP253DEC01"
[1] "(sn,flagging_days,threshold_number_unit,curr_day_errcount,threshold_number)=(ACP253DEC01,0,2,2,4)"
[1] "INFO: CONTINUE Processing SN: ACP253DEC01"
[1] "(sn,flagging_days,threshold_number_unit,curr_day_errcount,threshold_number)=(ACP253DEC01,0,2,2,4)"
[1] "INFO: Processing SN: ACP255DEC01"
[1] "(sn,flagging_days,threshold_number_unit,curr_day_errcount,threshold_number)=(ACP255DEC01,0,2,1,4)"
[1] "INFO: CONTINUE Processing SN: ACP255DEC01"
[1] "(sn,flagging_days,threshold_number_unit,curr_day_errcount,threshold_number)=(ACP255DEC01,0,2,1,4)"
[1] "INFO: Processing SN: ACP255DEC02"
[1] "(sn,flagging_days,threshold_number_unit,curr_day_errcount,threshold_number)=(ACP255DEC02,1,2,4,4)"
[1] "INFO: CONTINUE Processing SN: ACP255DEC02"
[1] "(sn,flagging_days,threshold_number_unit,curr_day_errcount,threshold_number)=(ACP255DEC02,1,2,4,4)"
[1] "INFO: CONTINUE Processing SN: ACP255DEC02"
[1] "(sn,flagging_days,threshold_number_unit,curr_day_errcount,threshold_number)=(ACP255DEC02,1,2,4,4)"
[1] "INFO: CONTINUE Processing SN: ACP255DEC02"
[1] "(sn,flagging_days,threshold_number_unit,curr_day_errcount,threshold_number)=(ACP255DEC02,1,2,4,4)"
[1] "INFO: Processing SN: ACP257DEC02"
[1] "(sn,flagging_days,threshold_number_unit,curr_day_errcount,threshold_number)=(ACP257DEC02,1,2,6,4)"
[1] "INFO: CONTINUE Processing SN: ACP257DEC02"
[1] "(sn,flagging_days,threshold_number_unit,curr_day_errcount,threshold_number)=(ACP257DEC02,2,2,11,4)"
[1] "INFO: SN: ACP257DEC02 FLAGGED"
[1] "INFO: CONTINUE Processing SN: ACP257DEC02"
[1] "(sn,flagging_days,threshold_number_unit,curr_day_errcount,threshold_number)=(ACP257DEC02,2,2,11,4)"
[1] "INFO: SN: ACP257DEC02 FLAGGED"
[1] "INFO: Processing SN: ACP258DEC01"
[1] "(sn,flagging_days,threshold_number_unit,curr_day_errcount,threshold_number)=(ACP258DEC01,1,2,12,4)"
[1] "INFO: CONTINUE Processing SN: ACP258DEC01"
[1] "(sn,flagging_days,threshold_number_unit,curr_day_errcount,threshold_number)=(ACP258DEC01,0,2,2,4)"
[1] "INFO: Processing SN: ACP260DEC01"
[1] "(sn,flagging_days,threshold_number_unit,curr_day_errcount,threshold_number)=(ACP260DEC01,1,2,4,4)"
[1] "INFO: Processing SN: ACP265DEC01"
[1] "(sn,flagging_days,threshold_number_unit,curr_day_errcount,threshold_number)=(ACP265DEC01,0,2,2,4)"
[1] "INFO: Processing SN: ACP265DEC02"
[1] "(sn,flagging_days,threshold_number_unit,curr_day_errcount,threshold_number)=(ACP265DEC02,0,2,2,4)"
[1] "INFO: Processing SN: ACP267DEC02"
[1] "(sn,flagging_days,threshold_number_unit,curr_day_errcount,threshold_number)=(ACP267DEC02,1,2,18,4)"
[1] "INFO: CONTINUE Processing SN: ACP267DEC02"
[1] "(sn,flagging_days,threshold_number_unit,curr_day_errcount,threshold_number)=(ACP267DEC02,1,2,18,4)"
[1] "INFO: CONTINUE Processing SN: ACP267DEC02"
[1] "(sn,flagging_days,threshold_number_unit,curr_day_errcount,threshold_number)=(ACP267DEC02,1,2,8,4)"
[1] "INFO: CONTINUE Processing SN: ACP267DEC02"
[1] "(sn,flagging_days,threshold_number_unit,curr_day_errcount,threshold_number)=(ACP267DEC02,1,2,8,4)"
[1] "INFO: Processing SN: ACP269DEC01"
[1] "(sn,flagging_days,threshold_number_unit,curr_day_errcount,threshold_number)=(ACP269DEC01,1,2,4,4)"
[1] "INFO: CONTINUE Processing SN: ACP269DEC01"
[1] "(sn,flagging_days,threshold_number_unit,curr_day_errcount,threshold_number)=(ACP269DEC01,2,2,4,4)"
[1] "INFO: SN: ACP269DEC01 FLAGGED"
[1] "INFO: Processing SN: ACP273DEC01"
[1] "(sn,flagging_days,threshold_number_unit,curr_day_errcount,threshold_number)=(ACP273DEC01,0,2,2,4)"
[1] "INFO: Processing SN: ACP276DEC01"
[1] "(sn,flagging_days,threshold_number_unit,curr_day_errcount,threshold_number)=(ACP276DEC01,1,2,10,4)"
[1] "INFO: CONTINUE Processing SN: ACP276DEC01"
[1] "(sn,flagging_days,threshold_number_unit,curr_day_errcount,threshold_number)=(ACP276DEC01,1,2,10,4)"
[1] "INFO: CONTINUE Processing SN: ACP276DEC01"
[1] "(sn,flagging_days,threshold_number_unit,curr_day_errcount,threshold_number)=(ACP276DEC01,1,2,4,4)"
[1] "INFO: CONTINUE Processing SN: ACP276DEC01"
[1] "(sn,flagging_days,threshold_number_unit,curr_day_errcount,threshold_number)=(ACP276DEC01,1,2,4,4)"
[1] "INFO: Processing SN: ACP280DEC01"
[1] "(sn,flagging_days,threshold_number_unit,curr_day_errcount,threshold_number)=(ACP280DEC01,0,2,2,4)"
[1] "INFO: CONTINUE Processing SN: ACP280DEC01"
[1] "(sn,flagging_days,threshold_number_unit,curr_day_errcount,threshold_number)=(ACP280DEC01,0,2,2,4)"
[1] "INFO: CONTINUE Processing SN: ACP280DEC01"
[1] "(sn,flagging_days,threshold_number_unit,curr_day_errcount,threshold_number)=(ACP280DEC01,1,2,8,4)"
[1] "INFO: CONTINUE Processing SN: ACP280DEC01"
[1] "(sn,flagging_days,threshold_number_unit,curr_day_errcount,threshold_number)=(ACP280DEC01,1,2,8,4)"
[1] "INFO: Processing SN: ACP280DEC02"
[1] "(sn,flagging_days,threshold_number_unit,curr_day_errcount,threshold_number)=(ACP280DEC02,1,2,78,4)"
[1] "INFO: CONTINUE Processing SN: ACP280DEC02"
[1] "(sn,flagging_days,threshold_number_unit,curr_day_errcount,threshold_number)=(ACP280DEC02,1,2,78,4)"
[1] "INFO: CONTINUE Processing SN: ACP280DEC02"
[1] "(sn,flagging_days,threshold_number_unit,curr_day_errcount,threshold_number)=(ACP280DEC02,1,2,42,4)"
[1] "INFO: CONTINUE Processing SN: ACP280DEC02"
[1] "(sn,flagging_days,threshold_number_unit,curr_day_errcount,threshold_number)=(ACP280DEC02,1,2,42,4)"
[1] "INFO: Processing SN: ACP294DEC02"
[1] "(sn,flagging_days,threshold_number_unit,curr_day_errcount,threshold_number)=(ACP294DEC02,1,2,4,4)"
[1] "INFO: CONTINUE Processing SN: ACP294DEC02"
[1] "(sn,flagging_days,threshold_number_unit,curr_day_errcount,threshold_number)=(ACP294DEC02,1,2,4,4)"
[1] "INFO: Processing SN: ACP296DEC01"
[1] "(sn,flagging_days,threshold_number_unit,curr_day_errcount,threshold_number)=(ACP296DEC01,1,2,102,4)"
[1] "INFO: CONTINUE Processing SN: ACP296DEC01"
[1] "(sn,flagging_days,threshold_number_unit,curr_day_errcount,threshold_number)=(ACP296DEC01,1,2,102,4)"
[1] "INFO: CONTINUE Processing SN: ACP296DEC01"
[1] "(sn,flagging_days,threshold_number_unit,curr_day_errcount,threshold_number)=(ACP296DEC01,0,2,2,4)"
[1] "INFO: Processing SN: ACP296DEC02"
[1] "(sn,flagging_days,threshold_number_unit,curr_day_errcount,threshold_number)=(ACP296DEC02,1,2,64,4)"
[1] "INFO: CONTINUE Processing SN: ACP296DEC02"
[1] "(sn,flagging_days,threshold_number_unit,curr_day_errcount,threshold_number)=(ACP296DEC02,1,2,64,4)"
[1] "INFO: CONTINUE Processing SN: ACP296DEC02"
[1] "(sn,flagging_days,threshold_number_unit,curr_day_errcount,threshold_number)=(ACP296DEC02,0,2,3,4)"
[1] "INFO: CONTINUE Processing SN: ACP296DEC02"
[1] "(sn,flagging_days,threshold_number_unit,curr_day_errcount,threshold_number)=(ACP296DEC02,0,2,3,4)"
[1] "INFO: Processing SN: ACP297DEC01"
[1] "(sn,flagging_days,threshold_number_unit,curr_day_errcount,threshold_number)=(ACP297DEC01,0,2,2,4)"
[1] "INFO: CONTINUE Processing SN: ACP297DEC01"
[1] "(sn,flagging_days,threshold_number_unit,curr_day_errcount,threshold_number)=(ACP297DEC01,0,2,2,4)"
[1] "INFO: Processing SN: ACP299DEC01"
[1] "(sn,flagging_days,threshold_number_unit,curr_day_errcount,threshold_number)=(ACP299DEC01,1,2,5,4)"
[1] "INFO: CONTINUE Processing SN: ACP299DEC01"
[1] "(sn,flagging_days,threshold_number_unit,curr_day_errcount,threshold_number)=(ACP299DEC01,1,2,5,4)"
[1] "INFO: CONTINUE Processing SN: ACP299DEC01"
[1] "(sn,flagging_days,threshold_number_unit,curr_day_errcount,threshold_number)=(ACP299DEC01,1,2,10,4)"
[1] "INFO: CONTINUE Processing SN: ACP299DEC01"
[1] "(sn,flagging_days,threshold_number_unit,curr_day_errcount,threshold_number)=(ACP299DEC01,1,2,10,4)"
[1] "INFO: Processing SN: ACP299DEC02"
[1] "(sn,flagging_days,threshold_number_unit,curr_day_errcount,threshold_number)=(ACP299DEC02,1,2,4,4)"
[1] "INFO: CONTINUE Processing SN: ACP299DEC02"
[1] "(sn,flagging_days,threshold_number_unit,curr_day_errcount,threshold_number)=(ACP299DEC02,1,2,4,4)"
[1] "INFO: CONTINUE Processing SN: ACP299DEC02"
[1] "(sn,flagging_days,threshold_number_unit,curr_day_errcount,threshold_number)=(ACP299DEC02,1,2,6,4)"
[1] "INFO: CONTINUE Processing SN: ACP299DEC02"
[1] "(sn,flagging_days,threshold_number_unit,curr_day_errcount,threshold_number)=(ACP299DEC02,1,2,6,4)"
[1] "INFO: Processing SN: ACP307DEC01"
[1] "(sn,flagging_days,threshold_number_unit,curr_day_errcount,threshold_number)=(ACP307DEC01,0,2,2,4)"
[1] "INFO: Processing SN: ACP321DEC02"
[1] "(sn,flagging_days,threshold_number_unit,curr_day_errcount,threshold_number)=(ACP321DEC02,1,2,4,4)"
[1] "INFO: CONTINUE Processing SN: ACP321DEC02"
[1] "(sn,flagging_days,threshold_number_unit,curr_day_errcount,threshold_number)=(ACP321DEC02,1,2,4,4)"
[1] "INFO: Processing SN: ACP324DEC01"
[1] "(sn,flagging_days,threshold_number_unit,curr_day_errcount,threshold_number)=(ACP324DEC01,0,2,2,4)"
[1] "INFO: Processing SN: ACP325DEC01"
[1] "(sn,flagging_days,threshold_number_unit,curr_day_errcount,threshold_number)=(ACP325DEC01,0,2,2,4)"
[1] "INFO: CONTINUE Processing SN: ACP325DEC01"
[1] "(sn,flagging_days,threshold_number_unit,curr_day_errcount,threshold_number)=(ACP325DEC01,0,2,2,4)"
[1] "INFO: CONTINUE Processing SN: ACP325DEC01"
[1] "(sn,flagging_days,threshold_number_unit,curr_day_errcount,threshold_number)=(ACP325DEC01,1,2,12,4)"
[1] "INFO: CONTINUE Processing SN: ACP325DEC01"
[1] "(sn,flagging_days,threshold_number_unit,curr_day_errcount,threshold_number)=(ACP325DEC01,1,2,12,4)"
[1] "INFO: Processing SN: ACP327DEC01"
[1] "(sn,flagging_days,threshold_number_unit,curr_day_errcount,threshold_number)=(ACP327DEC01,1,2,18,4)"
[1] "INFO: CONTINUE Processing SN: ACP327DEC01"
[1] "(sn,flagging_days,threshold_number_unit,curr_day_errcount,threshold_number)=(ACP327DEC01,2,2,4,4)"
[1] "INFO: SN: ACP327DEC01 FLAGGED"
[1] "INFO: Processing SN: ACP327DEC02"
[1] "(sn,flagging_days,threshold_number_unit,curr_day_errcount,threshold_number)=(ACP327DEC02,1,2,5,4)"
[1] "INFO: Processing SN: ACP335DEC01"
[1] "(sn,flagging_days,threshold_number_unit,curr_day_errcount,threshold_number)=(ACP335DEC01,0,2,2,4)"
[1] "INFO: Processing SN: ACP338DEC01"
[1] "(sn,flagging_days,threshold_number_unit,curr_day_errcount,threshold_number)=(ACP338DEC01,0,2,2,4)"
[1] "INFO: Processing SN: ACP340DEC01"
[1] "(sn,flagging_days,threshold_number_unit,curr_day_errcount,threshold_number)=(ACP340DEC01,0,2,2,4)"
[1] "INFO: Processing SN: ACP340DEC02"
[1] "(sn,flagging_days,threshold_number_unit,curr_day_errcount,threshold_number)=(ACP340DEC02,1,2,54,4)"
[1] "INFO: Processing SN: ACP344DEC01"
[1] "(sn,flagging_days,threshold_number_unit,curr_day_errcount,threshold_number)=(ACP344DEC01,0,2,2,4)"
[1] "INFO: CONTINUE Processing SN: ACP344DEC01"
[1] "(sn,flagging_days,threshold_number_unit,curr_day_errcount,threshold_number)=(ACP344DEC01,0,2,2,4)"
[1] "INFO: Processing SN: ACP345DAC01"
[1] "(sn,flagging_days,threshold_number_unit,curr_day_errcount,threshold_number)=(ACP345DAC01,1,2,20,4)"
[1] "INFO: CONTINUE Processing SN: ACP345DAC01"
[1] "(sn,flagging_days,threshold_number_unit,curr_day_errcount,threshold_number)=(ACP345DAC01,1,2,20,4)"
[1] "INFO: CONTINUE Processing SN: ACP345DAC01"
[1] "(sn,flagging_days,threshold_number_unit,curr_day_errcount,threshold_number)=(ACP345DAC01,0,2,2,4)"
   PHN_PATTERNS_SK  PL    MODULESN      FLAG_DATE CHART_DATA_VALUE FLAG_YN
1              186 852 ACP032DEC01 20191024000000                1       1
2              186 852 ACP064DEC01 20191024000000                1       1
3              186 852 ACP064DEC01 20191024000000                1       1
4              186 852 ACP080DEC01 20191024000000                1       1
5              186 852 ACP181DEC01 20191024000000                1       1
6              186 852 ACP183DEC01 20191024000000                1       1
7              186 852 ACP201DEC01 20191024000000                1       1
8              186 852 ACP210DEC01 20191024000000                1       1
9              186 852 ACP257DEC02 20191024000000                1       1
10             186 852 ACP257DEC02 20191024000000                1       1
11             186 852 ACP269DEC01 20191024000000                1       1
12             186 852 ACP327DEC01 20191024000000                1       1
              IHN_LEVEL3_DESC
1  Head Down Failure DCM 1006
2  Head Down Failure DCM 1006
3  Head Down Failure DCM 1006
4  Head Down Failure DCM 1006
5  Head Down Failure DCM 1006
6  Head Down Failure DCM 1006
7  Head Down Failure DCM 1006
8  Head Down Failure DCM 1006
9  Head Down Failure DCM 1006
10 Head Down Failure DCM 1006
11 Head Down Failure DCM 1006
12 Head Down Failure DCM 1006
[1] "INFO: 'flag_only' file exists. Skipping healthy, suppression and charting."
   user  system elapsed 
  13.69    2.52  176.93 
